{"/home/issue/Work/red-tetris/client/src/api/auth/keys.js": {"path":"/home/issue/Work/red-tetris/client/src/api/auth/keys.js","statementMap":{"0":{"start":{"line":5,"column":24},"end":{"line":17,"column":1}},"1":{"start":{"line":10,"column":15},"end":{"line":10,"column":41}},"2":{"start":{"line":11,"column":14},"end":{"line":11,"column":39}},"3":{"start":{"line":12,"column":12},"end":{"line":12,"column":38}},"4":{"start":{"line":13,"column":23},"end":{"line":13,"column":62}},"5":{"start":{"line":16,"column":17},"end":{"line":16,"column":45}},"6":{"start":{"line":23,"column":26},"end":{"line":122,"column":1}},"7":{"start":{"line":28,"column":4},"end":{"line":32,"column":null}},"8":{"start":{"line":29,"column":6},"end":{"line":29,"column":null}},"9":{"start":{"line":31,"column":6},"end":{"line":31,"column":null}},"10":{"start":{"line":39,"column":4},"end":{"line":43,"column":null}},"11":{"start":{"line":40,"column":6},"end":{"line":40,"column":null}},"12":{"start":{"line":42,"column":6},"end":{"line":42,"column":null}},"13":{"start":{"line":50,"column":4},"end":{"line":58,"column":null}},"14":{"start":{"line":51,"column":6},"end":{"line":53,"column":null}},"15":{"start":{"line":52,"column":8},"end":{"line":52,"column":null}},"16":{"start":{"line":54,"column":6},"end":{"line":56,"column":null}},"17":{"start":{"line":55,"column":8},"end":{"line":55,"column":null}},"18":{"start":{"line":65,"column":4},"end":{"line":69,"column":null}},"19":{"start":{"line":66,"column":6},"end":{"line":66,"column":null}},"20":{"start":{"line":67,"column":6},"end":{"line":67,"column":null}},"21":{"start":{"line":76,"column":24},"end":{"line":76,"column":51}},"22":{"start":{"line":77,"column":25},"end":{"line":77,"column":53}},"23":{"start":{"line":78,"column":4},"end":{"line":78,"column":null}},"24":{"start":{"line":85,"column":4},"end":{"line":85,"column":null}},"25":{"start":{"line":93,"column":4},"end":{"line":109,"column":null}},"26":{"start":{"line":94,"column":6},"end":{"line":94,"column":null}},"27":{"start":{"line":94,"column":18},"end":{"line":94,"column":null}},"28":{"start":{"line":95,"column":24},"end":{"line":95,"column":43}},"29":{"start":{"line":96,"column":6},"end":{"line":96,"column":null}},"30":{"start":{"line":96,"column":22},"end":{"line":96,"column":null}},"31":{"start":{"line":98,"column":21},"end":{"line":98,"column":68}},"32":{"start":{"line":99,"column":26},"end":{"line":104,"column":7}},"33":{"start":{"line":102,"column":22},"end":{"line":102,"column":75}},"34":{"start":{"line":106,"column":6},"end":{"line":106,"column":null}},"35":{"start":{"line":108,"column":6},"end":{"line":108,"column":null}},"36":{"start":{"line":116,"column":20},"end":{"line":116,"column":49}},"37":{"start":{"line":117,"column":4},"end":{"line":117,"column":null}},"38":{"start":{"line":117,"column":34},"end":{"line":117,"column":null}},"39":{"start":{"line":119,"column":24},"end":{"line":119,"column":41}},"40":{"start":{"line":120,"column":4},"end":{"line":120,"column":null}}},"fnMap":{"0":{"name":"(anonymous_0)","decl":{"start":{"line":10,"column":9},"end":{"line":10,"column":10}},"loc":{"start":{"line":10,"column":15},"end":{"line":10,"column":41}},"line":10},"1":{"name":"(anonymous_1)","decl":{"start":{"line":11,"column":8},"end":{"line":11,"column":9}},"loc":{"start":{"line":11,"column":14},"end":{"line":11,"column":39}},"line":11},"2":{"name":"(anonymous_2)","decl":{"start":{"line":12,"column":6},"end":{"line":12,"column":7}},"loc":{"start":{"line":12,"column":12},"end":{"line":12,"column":38}},"line":12},"3":{"name":"(anonymous_3)","decl":{"start":{"line":13,"column":11},"end":{"line":13,"column":12}},"loc":{"start":{"line":13,"column":23},"end":{"line":13,"column":62}},"line":13},"4":{"name":"(anonymous_4)","decl":{"start":{"line":16,"column":11},"end":{"line":16,"column":12}},"loc":{"start":{"line":16,"column":17},"end":{"line":16,"column":45}},"line":16},"5":{"name":"(anonymous_5)","decl":{"start":{"line":27,"column":18},"end":{"line":27,"column":19}},"loc":{"start":{"line":27,"column":24},"end":{"line":33,"column":3}},"line":27},"6":{"name":"(anonymous_6)","decl":{"start":{"line":38,"column":19},"end":{"line":38,"column":20}},"loc":{"start":{"line":38,"column":25},"end":{"line":44,"column":3}},"line":38},"7":{"name":"(anonymous_7)","decl":{"start":{"line":49,"column":13},"end":{"line":49,"column":14}},"loc":{"start":{"line":49,"column":44},"end":{"line":59,"column":3}},"line":49},"8":{"name":"(anonymous_8)","decl":{"start":{"line":64,"column":15},"end":{"line":64,"column":16}},"loc":{"start":{"line":64,"column":21},"end":{"line":70,"column":3}},"line":64},"9":{"name":"(anonymous_9)","decl":{"start":{"line":75,"column":13},"end":{"line":75,"column":14}},"loc":{"start":{"line":75,"column":19},"end":{"line":79,"column":3}},"line":75},"10":{"name":"(anonymous_10)","decl":{"start":{"line":84,"column":18},"end":{"line":84,"column":19}},"loc":{"start":{"line":84,"column":24},"end":{"line":86,"column":3}},"line":84},"11":{"name":"(anonymous_11)","decl":{"start":{"line":92,"column":15},"end":{"line":92,"column":16}},"loc":{"start":{"line":92,"column":26},"end":{"line":110,"column":3}},"line":92},"12":{"name":"(anonymous_12)","decl":{"start":{"line":102,"column":15},"end":{"line":102,"column":16}},"loc":{"start":{"line":102,"column":22},"end":{"line":102,"column":75}},"line":102},"13":{"name":"(anonymous_13)","decl":{"start":{"line":115,"column":18},"end":{"line":115,"column":19}},"loc":{"start":{"line":115,"column":29},"end":{"line":121,"column":3}},"line":115}},"branchMap":{"0":{"loc":{"start":{"line":51,"column":6},"end":{"line":53,"column":null}},"type":"if","locations":[{"start":{"line":51,"column":6},"end":{"line":53,"column":null}},{"start":{},"end":{}}],"line":51},"1":{"loc":{"start":{"line":54,"column":6},"end":{"line":56,"column":null}},"type":"if","locations":[{"start":{"line":54,"column":6},"end":{"line":56,"column":null}},{"start":{},"end":{}}],"line":54},"2":{"loc":{"start":{"line":78,"column":14},"end":{"line":78,"column":41}},"type":"binary-expr","locations":[{"start":{"line":78,"column":14},"end":{"line":78,"column":25}},{"start":{"line":78,"column":29},"end":{"line":78,"column":41}}],"line":78},"3":{"loc":{"start":{"line":94,"column":6},"end":{"line":94,"column":null}},"type":"if","locations":[{"start":{"line":94,"column":6},"end":{"line":94,"column":null}},{"start":{},"end":{}}],"line":94},"4":{"loc":{"start":{"line":96,"column":6},"end":{"line":96,"column":null}},"type":"if","locations":[{"start":{"line":96,"column":6},"end":{"line":96,"column":null}},{"start":{},"end":{}}],"line":96},"5":{"loc":{"start":{"line":117,"column":4},"end":{"line":117,"column":null}},"type":"if","locations":[{"start":{"line":117,"column":4},"end":{"line":117,"column":null}},{"start":{},"end":{}}],"line":117},"6":{"loc":{"start":{"line":117,"column":8},"end":{"line":117,"column":32}},"type":"binary-expr","locations":[{"start":{"line":117,"column":8},"end":{"line":117,"column":16}},{"start":{"line":117,"column":20},"end":{"line":117,"column":32}}],"line":117}},"s":{"0":5,"1":1,"2":18,"3":7,"4":10,"5":1,"6":5,"7":9,"8":9,"9":1,"10":7,"11":7,"12":1,"13":3,"14":3,"15":3,"16":2,"17":1,"18":2,"19":2,"20":2,"21":4,"22":4,"23":4,"24":2,"25":8,"26":8,"27":2,"28":6,"29":6,"30":2,"31":4,"32":4,"33":81,"34":4,"35":0,"36":4,"37":4,"38":2,"39":2,"40":2},"f":{"0":1,"1":18,"2":7,"3":10,"4":1,"5":9,"6":7,"7":3,"8":2,"9":4,"10":2,"11":8,"12":81,"13":4},"b":{"0":[3,0],"1":[1,1],"2":[4,2],"3":[2,6],"4":[2,4],"5":[2,2],"6":[4,3]},"meta":{"lastBranch":7,"lastFunction":14,"lastStatement":41,"seen":{"s:5:24:17:1":0,"f:10:9:10:10":0,"s:10:15:10:41":1,"f:11:8:11:9":1,"s:11:14:11:39":2,"f:12:6:12:7":2,"s:12:12:12:38":3,"f:13:11:13:12":3,"s:13:23:13:62":4,"f:16:11:16:12":4,"s:16:17:16:45":5,"s:23:26:122:1":6,"f:27:18:27:19":5,"s:28:4:32:Infinity":7,"s:29:6:29:Infinity":8,"s:31:6:31:Infinity":9,"f:38:19:38:20":6,"s:39:4:43:Infinity":10,"s:40:6:40:Infinity":11,"s:42:6:42:Infinity":12,"f:49:13:49:14":7,"s:50:4:58:Infinity":13,"b:51:6:53:Infinity:undefined:undefined:undefined:undefined":0,"s:51:6:53:Infinity":14,"s:52:8:52:Infinity":15,"b:54:6:56:Infinity:undefined:undefined:undefined:undefined":1,"s:54:6:56:Infinity":16,"s:55:8:55:Infinity":17,"f:64:15:64:16":8,"s:65:4:69:Infinity":18,"s:66:6:66:Infinity":19,"s:67:6:67:Infinity":20,"f:75:13:75:14":9,"s:76:24:76:51":21,"s:77:25:77:53":22,"s:78:4:78:Infinity":23,"b:78:14:78:25:78:29:78:41":2,"f:84:18:84:19":10,"s:85:4:85:Infinity":24,"f:92:15:92:16":11,"s:93:4:109:Infinity":25,"b:94:6:94:Infinity:undefined:undefined:undefined:undefined":3,"s:94:6:94:Infinity":26,"s:94:18:94:Infinity":27,"s:95:24:95:43":28,"b:96:6:96:Infinity:undefined:undefined:undefined:undefined":4,"s:96:6:96:Infinity":29,"s:96:22:96:Infinity":30,"s:98:21:98:68":31,"s:99:26:104:7":32,"f:102:15:102:16":12,"s:102:22:102:75":33,"s:106:6:106:Infinity":34,"s:108:6:108:Infinity":35,"f:115:18:115:19":13,"s:116:20:116:49":36,"b:117:4:117:Infinity:undefined:undefined:undefined:undefined":5,"s:117:4:117:Infinity":37,"b:117:8:117:16:117:20:117:32":6,"s:117:34:117:Infinity":38,"s:119:24:119:41":39,"s:120:4:120:Infinity":40}}}
,"/home/issue/Work/red-tetris/client/src/api/auth/mutations.js": {"path":"/home/issue/Work/red-tetris/client/src/api/auth/mutations.js","statementMap":{"0":{"start":{"line":8,"column":24},"end":{"line":27,"column":1}},"1":{"start":{"line":9,"column":21},"end":{"line":9,"column":38}},"2":{"start":{"line":11,"column":2},"end":{"line":26,"column":null}},"3":{"start":{"line":13,"column":23},"end":{"line":13,"column":64}},"4":{"start":{"line":14,"column":6},"end":{"line":16,"column":null}},"5":{"start":{"line":15,"column":8},"end":{"line":15,"column":null}},"6":{"start":{"line":17,"column":6},"end":{"line":17,"column":null}},"7":{"start":{"line":20,"column":6},"end":{"line":24,"column":null}},"8":{"start":{"line":21,"column":8},"end":{"line":21,"column":null}},"9":{"start":{"line":23,"column":8},"end":{"line":23,"column":null}},"10":{"start":{"line":32,"column":27},"end":{"line":42,"column":1}},"11":{"start":{"line":33,"column":2},"end":{"line":41,"column":null}},"12":{"start":{"line":35,"column":23},"end":{"line":35,"column":64}},"13":{"start":{"line":36,"column":6},"end":{"line":38,"column":null}},"14":{"start":{"line":37,"column":8},"end":{"line":37,"column":null}},"15":{"start":{"line":39,"column":6},"end":{"line":39,"column":null}},"16":{"start":{"line":47,"column":31},"end":{"line":77,"column":1}},"17":{"start":{"line":48,"column":21},"end":{"line":48,"column":38}},"18":{"start":{"line":50,"column":2},"end":{"line":76,"column":null}},"19":{"start":{"line":52,"column":27},"end":{"line":52,"column":55}},"20":{"start":{"line":53,"column":6},"end":{"line":55,"column":null}},"21":{"start":{"line":54,"column":8},"end":{"line":54,"column":null}},"22":{"start":{"line":57,"column":23},"end":{"line":57,"column":71}},"23":{"start":{"line":58,"column":6},"end":{"line":60,"column":null}},"24":{"start":{"line":59,"column":8},"end":{"line":59,"column":null}},"25":{"start":{"line":61,"column":6},"end":{"line":61,"column":null}},"26":{"start":{"line":64,"column":6},"end":{"line":68,"column":null}},"27":{"start":{"line":65,"column":8},"end":{"line":65,"column":null}},"28":{"start":{"line":67,"column":8},"end":{"line":67,"column":null}},"29":{"start":{"line":72,"column":6},"end":{"line":72,"column":null}},"30":{"start":{"line":73,"column":6},"end":{"line":73,"column":null}},"31":{"start":{"line":74,"column":6},"end":{"line":74,"column":null}},"32":{"start":{"line":82,"column":25},"end":{"line":99,"column":1}},"33":{"start":{"line":83,"column":21},"end":{"line":83,"column":38}},"34":{"start":{"line":85,"column":2},"end":{"line":98,"column":null}},"35":{"start":{"line":87,"column":6},"end":{"line":91,"column":null}},"36":{"start":{"line":88,"column":8},"end":{"line":88,"column":null}},"37":{"start":{"line":95,"column":6},"end":{"line":95,"column":null}},"38":{"start":{"line":96,"column":6},"end":{"line":96,"column":null}},"39":{"start":{"line":104,"column":32},"end":{"line":124,"column":1}},"40":{"start":{"line":105,"column":21},"end":{"line":105,"column":38}},"41":{"start":{"line":107,"column":2},"end":{"line":123,"column":null}},"42":{"start":{"line":109,"column":23},"end":{"line":109,"column":57}},"43":{"start":{"line":110,"column":6},"end":{"line":112,"column":null}},"44":{"start":{"line":111,"column":8},"end":{"line":111,"column":null}},"45":{"start":{"line":113,"column":6},"end":{"line":113,"column":null}},"46":{"start":{"line":117,"column":6},"end":{"line":117,"column":null}},"47":{"start":{"line":119,"column":6},"end":{"line":121,"column":null}},"48":{"start":{"line":129,"column":33},"end":{"line":139,"column":1}},"49":{"start":{"line":130,"column":2},"end":{"line":138,"column":null}},"50":{"start":{"line":132,"column":23},"end":{"line":132,"column":75}},"51":{"start":{"line":133,"column":6},"end":{"line":135,"column":null}},"52":{"start":{"line":134,"column":8},"end":{"line":134,"column":null}},"53":{"start":{"line":136,"column":6},"end":{"line":136,"column":null}},"54":{"start":{"line":144,"column":29},"end":{"line":158,"column":1}},"55":{"start":{"line":145,"column":21},"end":{"line":145,"column":38}},"56":{"start":{"line":147,"column":2},"end":{"line":157,"column":null}},"57":{"start":{"line":149,"column":6},"end":{"line":154,"column":null}},"58":{"start":{"line":150,"column":8},"end":{"line":150,"column":null}},"59":{"start":{"line":152,"column":8},"end":{"line":152,"column":null}},"60":{"start":{"line":153,"column":8},"end":{"line":153,"column":null}},"61":{"start":{"line":155,"column":6},"end":{"line":155,"column":null}}},"fnMap":{"0":{"name":"(anonymous_0)","decl":{"start":{"line":8,"column":24},"end":{"line":8,"column":25}},"loc":{"start":{"line":8,"column":30},"end":{"line":27,"column":1}},"line":8},"1":{"name":"(anonymous_1)","decl":{"start":{"line":12,"column":16},"end":{"line":12,"column":21}},"loc":{"start":{"line":12,"column":39},"end":{"line":18,"column":5}},"line":12},"2":{"name":"(anonymous_2)","decl":{"start":{"line":19,"column":15},"end":{"line":19,"column":16}},"loc":{"start":{"line":19,"column":25},"end":{"line":25,"column":5}},"line":19},"3":{"name":"(anonymous_3)","decl":{"start":{"line":32,"column":27},"end":{"line":32,"column":28}},"loc":{"start":{"line":32,"column":33},"end":{"line":42,"column":1}},"line":32},"4":{"name":"(anonymous_4)","decl":{"start":{"line":34,"column":16},"end":{"line":34,"column":21}},"loc":{"start":{"line":34,"column":36},"end":{"line":40,"column":5}},"line":34},"5":{"name":"(anonymous_5)","decl":{"start":{"line":47,"column":31},"end":{"line":47,"column":32}},"loc":{"start":{"line":47,"column":37},"end":{"line":77,"column":1}},"line":47},"6":{"name":"(anonymous_6)","decl":{"start":{"line":51,"column":16},"end":{"line":51,"column":21}},"loc":{"start":{"line":51,"column":28},"end":{"line":62,"column":5}},"line":51},"7":{"name":"(anonymous_7)","decl":{"start":{"line":63,"column":15},"end":{"line":63,"column":16}},"loc":{"start":{"line":63,"column":25},"end":{"line":69,"column":5}},"line":63},"8":{"name":"(anonymous_8)","decl":{"start":{"line":70,"column":13},"end":{"line":70,"column":14}},"loc":{"start":{"line":70,"column":19},"end":{"line":75,"column":5}},"line":70},"9":{"name":"(anonymous_9)","decl":{"start":{"line":82,"column":25},"end":{"line":82,"column":26}},"loc":{"start":{"line":82,"column":31},"end":{"line":99,"column":1}},"line":82},"10":{"name":"(anonymous_10)","decl":{"start":{"line":86,"column":16},"end":{"line":86,"column":21}},"loc":{"start":{"line":86,"column":28},"end":{"line":92,"column":5}},"line":86},"11":{"name":"(anonymous_11)","decl":{"start":{"line":93,"column":15},"end":{"line":93,"column":16}},"loc":{"start":{"line":93,"column":21},"end":{"line":97,"column":5}},"line":93},"12":{"name":"(anonymous_12)","decl":{"start":{"line":104,"column":32},"end":{"line":104,"column":33}},"loc":{"start":{"line":104,"column":38},"end":{"line":124,"column":1}},"line":104},"13":{"name":"(anonymous_13)","decl":{"start":{"line":108,"column":16},"end":{"line":108,"column":21}},"loc":{"start":{"line":108,"column":36},"end":{"line":114,"column":5}},"line":108},"14":{"name":"(anonymous_14)","decl":{"start":{"line":115,"column":15},"end":{"line":115,"column":16}},"loc":{"start":{"line":115,"column":32},"end":{"line":122,"column":5}},"line":115},"15":{"name":"(anonymous_15)","decl":{"start":{"line":129,"column":33},"end":{"line":129,"column":34}},"loc":{"start":{"line":129,"column":39},"end":{"line":139,"column":1}},"line":129},"16":{"name":"(anonymous_16)","decl":{"start":{"line":131,"column":16},"end":{"line":131,"column":21}},"loc":{"start":{"line":131,"column":40},"end":{"line":137,"column":5}},"line":131},"17":{"name":"(anonymous_17)","decl":{"start":{"line":144,"column":29},"end":{"line":144,"column":30}},"loc":{"start":{"line":144,"column":35},"end":{"line":158,"column":1}},"line":144},"18":{"name":"(anonymous_18)","decl":{"start":{"line":148,"column":24},"end":{"line":148,"column":25}},"loc":{"start":{"line":148,"column":55},"end":{"line":156,"column":5}},"line":148}},"branchMap":{"0":{"loc":{"start":{"line":14,"column":6},"end":{"line":16,"column":null}},"type":"if","locations":[{"start":{"line":14,"column":6},"end":{"line":16,"column":null}},{"start":{},"end":{}}],"line":14},"1":{"loc":{"start":{"line":15,"column":24},"end":{"line":15,"column":64}},"type":"binary-expr","locations":[{"start":{"line":15,"column":24},"end":{"line":15,"column":46}},{"start":{"line":15,"column":50},"end":{"line":15,"column":64}}],"line":15},"2":{"loc":{"start":{"line":20,"column":6},"end":{"line":24,"column":null}},"type":"if","locations":[{"start":{"line":20,"column":6},"end":{"line":24,"column":null}},{"start":{},"end":{}}],"line":20},"3":{"loc":{"start":{"line":20,"column":10},"end":{"line":20,"column":47}},"type":"binary-expr","locations":[{"start":{"line":20,"column":10},"end":{"line":20,"column":26}},{"start":{"line":20,"column":30},"end":{"line":20,"column":47}}],"line":20},"4":{"loc":{"start":{"line":36,"column":6},"end":{"line":38,"column":null}},"type":"if","locations":[{"start":{"line":36,"column":6},"end":{"line":38,"column":null}},{"start":{},"end":{}}],"line":36},"5":{"loc":{"start":{"line":37,"column":24},"end":{"line":37,"column":71}},"type":"binary-expr","locations":[{"start":{"line":37,"column":24},"end":{"line":37,"column":46}},{"start":{"line":37,"column":50},"end":{"line":37,"column":71}}],"line":37},"6":{"loc":{"start":{"line":53,"column":6},"end":{"line":55,"column":null}},"type":"if","locations":[{"start":{"line":53,"column":6},"end":{"line":55,"column":null}},{"start":{},"end":{}}],"line":53},"7":{"loc":{"start":{"line":58,"column":6},"end":{"line":60,"column":null}},"type":"if","locations":[{"start":{"line":58,"column":6},"end":{"line":60,"column":null}},{"start":{},"end":{}}],"line":58},"8":{"loc":{"start":{"line":59,"column":24},"end":{"line":59,"column":72}},"type":"binary-expr","locations":[{"start":{"line":59,"column":24},"end":{"line":59,"column":46}},{"start":{"line":59,"column":50},"end":{"line":59,"column":72}}],"line":59},"9":{"loc":{"start":{"line":64,"column":6},"end":{"line":68,"column":null}},"type":"if","locations":[{"start":{"line":64,"column":6},"end":{"line":68,"column":null}},{"start":{},"end":{}}],"line":64},"10":{"loc":{"start":{"line":64,"column":10},"end":{"line":64,"column":47}},"type":"binary-expr","locations":[{"start":{"line":64,"column":10},"end":{"line":64,"column":26}},{"start":{"line":64,"column":30},"end":{"line":64,"column":47}}],"line":64},"11":{"loc":{"start":{"line":110,"column":6},"end":{"line":112,"column":null}},"type":"if","locations":[{"start":{"line":110,"column":6},"end":{"line":112,"column":null}},{"start":{},"end":{}}],"line":110},"12":{"loc":{"start":{"line":111,"column":24},"end":{"line":111,"column":73}},"type":"binary-expr","locations":[{"start":{"line":111,"column":24},"end":{"line":111,"column":46}},{"start":{"line":111,"column":50},"end":{"line":111,"column":73}}],"line":111},"13":{"loc":{"start":{"line":133,"column":6},"end":{"line":135,"column":null}},"type":"if","locations":[{"start":{"line":133,"column":6},"end":{"line":135,"column":null}},{"start":{},"end":{}}],"line":133},"14":{"loc":{"start":{"line":134,"column":24},"end":{"line":134,"column":74}},"type":"binary-expr","locations":[{"start":{"line":134,"column":24},"end":{"line":134,"column":46}},{"start":{"line":134,"column":50},"end":{"line":134,"column":74}}],"line":134},"15":{"loc":{"start":{"line":149,"column":6},"end":{"line":154,"column":null}},"type":"if","locations":[{"start":{"line":149,"column":6},"end":{"line":154,"column":null}},{"start":{},"end":{}}],"line":149},"16":{"loc":{"start":{"line":149,"column":10},"end":{"line":149,"column":37}},"type":"binary-expr","locations":[{"start":{"line":149,"column":10},"end":{"line":149,"column":21}},{"start":{"line":149,"column":25},"end":{"line":149,"column":37}}],"line":149}},"s":{"0":1,"1":4,"2":4,"3":2,"4":2,"5":1,"6":1,"7":1,"8":1,"9":1,"10":1,"11":4,"12":2,"13":2,"14":1,"15":1,"16":1,"17":6,"18":6,"19":3,"20":3,"21":1,"22":2,"23":2,"24":1,"25":1,"26":1,"27":1,"28":1,"29":2,"30":2,"31":2,"32":1,"33":4,"34":4,"35":2,"36":2,"37":2,"38":2,"39":1,"40":4,"41":4,"42":2,"43":2,"44":1,"45":1,"46":1,"47":1,"48":1,"49":4,"50":2,"51":2,"52":1,"53":1,"54":1,"55":0,"56":0,"57":0,"58":0,"59":0,"60":0,"61":0},"f":{"0":4,"1":2,"2":1,"3":4,"4":2,"5":6,"6":3,"7":1,"8":2,"9":4,"10":2,"11":2,"12":4,"13":2,"14":1,"15":4,"16":2,"17":0,"18":0},"b":{"0":[1,1],"1":[1,0],"2":[1,0],"3":[1,1],"4":[1,1],"5":[1,0],"6":[1,2],"7":[1,1],"8":[1,0],"9":[1,0],"10":[1,1],"11":[1,1],"12":[1,0],"13":[1,1],"14":[1,0],"15":[0,0],"16":[0,0]},"meta":{"lastBranch":17,"lastFunction":19,"lastStatement":62,"seen":{"s:8:24:27:1":0,"f:8:24:8:25":0,"s:9:21:9:38":1,"s:11:2:26:Infinity":2,"f:12:16:12:21":1,"s:13:23:13:64":3,"b:14:6:16:Infinity:undefined:undefined:undefined:undefined":0,"s:14:6:16:Infinity":4,"s:15:8:15:Infinity":5,"b:15:24:15:46:15:50:15:64":1,"s:17:6:17:Infinity":6,"f:19:15:19:16":2,"b:20:6:24:Infinity:undefined:undefined:undefined:undefined":2,"s:20:6:24:Infinity":7,"b:20:10:20:26:20:30:20:47":3,"s:21:8:21:Infinity":8,"s:23:8:23:Infinity":9,"s:32:27:42:1":10,"f:32:27:32:28":3,"s:33:2:41:Infinity":11,"f:34:16:34:21":4,"s:35:23:35:64":12,"b:36:6:38:Infinity:undefined:undefined:undefined:undefined":4,"s:36:6:38:Infinity":13,"s:37:8:37:Infinity":14,"b:37:24:37:46:37:50:37:71":5,"s:39:6:39:Infinity":15,"s:47:31:77:1":16,"f:47:31:47:32":5,"s:48:21:48:38":17,"s:50:2:76:Infinity":18,"f:51:16:51:21":6,"s:52:27:52:55":19,"b:53:6:55:Infinity:undefined:undefined:undefined:undefined":6,"s:53:6:55:Infinity":20,"s:54:8:54:Infinity":21,"s:57:23:57:71":22,"b:58:6:60:Infinity:undefined:undefined:undefined:undefined":7,"s:58:6:60:Infinity":23,"s:59:8:59:Infinity":24,"b:59:24:59:46:59:50:59:72":8,"s:61:6:61:Infinity":25,"f:63:15:63:16":7,"b:64:6:68:Infinity:undefined:undefined:undefined:undefined":9,"s:64:6:68:Infinity":26,"b:64:10:64:26:64:30:64:47":10,"s:65:8:65:Infinity":27,"s:67:8:67:Infinity":28,"f:70:13:70:14":8,"s:72:6:72:Infinity":29,"s:73:6:73:Infinity":30,"s:74:6:74:Infinity":31,"s:82:25:99:1":32,"f:82:25:82:26":9,"s:83:21:83:38":33,"s:85:2:98:Infinity":34,"f:86:16:86:21":10,"s:87:6:91:Infinity":35,"s:88:8:88:Infinity":36,"f:93:15:93:16":11,"s:95:6:95:Infinity":37,"s:96:6:96:Infinity":38,"s:104:32:124:1":39,"f:104:32:104:33":12,"s:105:21:105:38":40,"s:107:2:123:Infinity":41,"f:108:16:108:21":13,"s:109:23:109:57":42,"b:110:6:112:Infinity:undefined:undefined:undefined:undefined":11,"s:110:6:112:Infinity":43,"s:111:8:111:Infinity":44,"b:111:24:111:46:111:50:111:73":12,"s:113:6:113:Infinity":45,"f:115:15:115:16":14,"s:117:6:117:Infinity":46,"s:119:6:121:Infinity":47,"s:129:33:139:1":48,"f:129:33:129:34":15,"s:130:2:138:Infinity":49,"f:131:16:131:21":16,"s:132:23:132:75":50,"b:133:6:135:Infinity:undefined:undefined:undefined:undefined":13,"s:133:6:135:Infinity":51,"s:134:8:134:Infinity":52,"b:134:24:134:46:134:50:134:74":14,"s:136:6:136:Infinity":53,"s:144:29:158:1":54,"f:144:29:144:30":17,"s:145:21:145:38":55,"s:147:2:157:Infinity":56,"f:148:24:148:25":18,"b:149:6:154:Infinity:undefined:undefined:undefined:undefined":15,"s:149:6:154:Infinity":57,"b:149:10:149:21:149:25:149:37":16,"s:150:8:150:Infinity":58,"s:152:8:152:Infinity":59,"s:153:8:153:Infinity":60,"s:155:6:155:Infinity":61}}}
,"/home/issue/Work/red-tetris/client/src/api/auth/queries.js": {"path":"/home/issue/Work/red-tetris/client/src/api/auth/queries.js","statementMap":{"0":{"start":{"line":8,"column":21},"end":{"line":27,"column":1}},"1":{"start":{"line":9,"column":2},"end":{"line":26,"column":null}},"2":{"start":{"line":12,"column":23},"end":{"line":12,"column":47}},"3":{"start":{"line":13,"column":6},"end":{"line":15,"column":null}},"4":{"start":{"line":14,"column":8},"end":{"line":14,"column":null}},"5":{"start":{"line":16,"column":6},"end":{"line":16,"column":null}},"6":{"start":{"line":20,"column":6},"end":{"line":20,"column":null}},"7":{"start":{"line":20,"column":33},"end":{"line":20,"column":null}},"8":{"start":{"line":21,"column":6},"end":{"line":21,"column":null}},"9":{"start":{"line":32,"column":30},"end":{"line":48,"column":1}},"10":{"start":{"line":33,"column":2},"end":{"line":47,"column":null}},"11":{"start":{"line":36,"column":23},"end":{"line":36,"column":55}},"12":{"start":{"line":37,"column":6},"end":{"line":41,"column":null}},"13":{"start":{"line":38,"column":8},"end":{"line":40,"column":null}},"14":{"start":{"line":42,"column":6},"end":{"line":42,"column":null}}},"fnMap":{"0":{"name":"(anonymous_0)","decl":{"start":{"line":8,"column":21},"end":{"line":8,"column":22}},"loc":{"start":{"line":8,"column":39},"end":{"line":27,"column":1}},"line":8},"1":{"name":"(anonymous_1)","decl":{"start":{"line":11,"column":13},"end":{"line":11,"column":18}},"loc":{"start":{"line":11,"column":25},"end":{"line":17,"column":5}},"line":11},"2":{"name":"(anonymous_2)","decl":{"start":{"line":19,"column":11},"end":{"line":19,"column":12}},"loc":{"start":{"line":19,"column":36},"end":{"line":22,"column":5}},"line":19},"3":{"name":"(anonymous_3)","decl":{"start":{"line":32,"column":30},"end":{"line":32,"column":31}},"loc":{"start":{"line":32,"column":56},"end":{"line":48,"column":1}},"line":32},"4":{"name":"(anonymous_4)","decl":{"start":{"line":35,"column":13},"end":{"line":35,"column":18}},"loc":{"start":{"line":35,"column":25},"end":{"line":43,"column":5}},"line":35}},"branchMap":{"0":{"loc":{"start":{"line":8,"column":22},"end":{"line":8,"column":34}},"type":"default-arg","locations":[{"start":{"line":8,"column":32},"end":{"line":8,"column":34}}],"line":8},"1":{"loc":{"start":{"line":13,"column":6},"end":{"line":15,"column":null}},"type":"if","locations":[{"start":{"line":13,"column":6},"end":{"line":15,"column":null}},{"start":{},"end":{}}],"line":13},"2":{"loc":{"start":{"line":14,"column":24},"end":{"line":14,"column":72}},"type":"binary-expr","locations":[{"start":{"line":14,"column":24},"end":{"line":14,"column":46}},{"start":{"line":14,"column":50},"end":{"line":14,"column":72}}],"line":14},"3":{"loc":{"start":{"line":20,"column":6},"end":{"line":20,"column":null}},"type":"if","locations":[{"start":{"line":20,"column":6},"end":{"line":20,"column":null}},{"start":{},"end":{}}],"line":20},"4":{"loc":{"start":{"line":32,"column":39},"end":{"line":32,"column":51}},"type":"default-arg","locations":[{"start":{"line":32,"column":49},"end":{"line":32,"column":51}}],"line":32},"5":{"loc":{"start":{"line":37,"column":6},"end":{"line":41,"column":null}},"type":"if","locations":[{"start":{"line":37,"column":6},"end":{"line":41,"column":null}},{"start":{},"end":{}}],"line":37},"6":{"loc":{"start":{"line":39,"column":10},"end":{"line":39,"column":null}},"type":"binary-expr","locations":[{"start":{"line":39,"column":10},"end":{"line":39,"column":32}},{"start":{"line":39,"column":36},"end":{"line":39,"column":null}}],"line":39},"7":{"loc":{"start":{"line":44,"column":13},"end":{"line":44,"column":47}},"type":"binary-expr","locations":[{"start":{"line":44,"column":13},"end":{"line":44,"column":21}},{"start":{"line":44,"column":25},"end":{"line":44,"column":47}}],"line":44}},"s":{"0":1,"1":5,"2":2,"3":2,"4":0,"5":2,"6":0,"7":0,"8":0,"9":1,"10":8,"11":3,"12":3,"13":1,"14":2},"f":{"0":5,"1":2,"2":0,"3":8,"4":3},"b":{"0":[5],"1":[0,2],"2":[0,0],"3":[0,0],"4":[8],"5":[1,2],"6":[1,0],"7":[8,7]},"meta":{"lastBranch":8,"lastFunction":5,"lastStatement":15,"seen":{"s:8:21:27:1":0,"f:8:21:8:22":0,"b:8:32:8:34":0,"s:9:2:26:Infinity":1,"f:11:13:11:18":1,"s:12:23:12:47":2,"b:13:6:15:Infinity:undefined:undefined:undefined:undefined":1,"s:13:6:15:Infinity":3,"s:14:8:14:Infinity":4,"b:14:24:14:46:14:50:14:72":2,"s:16:6:16:Infinity":5,"f:19:11:19:12":2,"b:20:6:20:Infinity:undefined:undefined:undefined:undefined":3,"s:20:6:20:Infinity":6,"s:20:33:20:Infinity":7,"s:21:6:21:Infinity":8,"s:32:30:48:1":9,"f:32:30:32:31":3,"b:32:49:32:51":4,"s:33:2:47:Infinity":10,"f:35:13:35:18":4,"s:36:23:36:55":11,"b:37:6:41:Infinity:undefined:undefined:undefined:undefined":5,"s:37:6:41:Infinity":12,"s:38:8:40:Infinity":13,"b:39:10:39:32:39:36:39:Infinity":6,"s:42:6:42:Infinity":14,"b:44:13:44:21:44:25:44:47":7}}}
,"/home/issue/Work/red-tetris/client/src/api/game/keys.js": {"path":"/home/issue/Work/red-tetris/client/src/api/game/keys.js","statementMap":{"0":{"start":{"line":5,"column":24},"end":{"line":24,"column":1}},"1":{"start":{"line":10,"column":18},"end":{"line":10,"column":47}},"2":{"start":{"line":11,"column":26},"end":{"line":11,"column":61}},"3":{"start":{"line":14,"column":15},"end":{"line":14,"column":41}},"4":{"start":{"line":15,"column":25},"end":{"line":15,"column":62}},"5":{"start":{"line":18,"column":21},"end":{"line":18,"column":53}},"6":{"start":{"line":19,"column":31},"end":{"line":19,"column":64}},"7":{"start":{"line":22,"column":17},"end":{"line":22,"column":45}},"8":{"start":{"line":23,"column":27},"end":{"line":23,"column":66}}},"fnMap":{"0":{"name":"(anonymous_0)","decl":{"start":{"line":10,"column":12},"end":{"line":10,"column":13}},"loc":{"start":{"line":10,"column":18},"end":{"line":10,"column":47}},"line":10},"1":{"name":"(anonymous_1)","decl":{"start":{"line":11,"column":11},"end":{"line":11,"column":12}},"loc":{"start":{"line":11,"column":26},"end":{"line":11,"column":61}},"line":11},"2":{"name":"(anonymous_2)","decl":{"start":{"line":14,"column":9},"end":{"line":14,"column":10}},"loc":{"start":{"line":14,"column":15},"end":{"line":14,"column":41}},"line":14},"3":{"name":"(anonymous_3)","decl":{"start":{"line":15,"column":13},"end":{"line":15,"column":14}},"loc":{"start":{"line":15,"column":25},"end":{"line":15,"column":62}},"line":15},"4":{"name":"(anonymous_4)","decl":{"start":{"line":18,"column":15},"end":{"line":18,"column":16}},"loc":{"start":{"line":18,"column":21},"end":{"line":18,"column":53}},"line":18},"5":{"name":"(anonymous_5)","decl":{"start":{"line":19,"column":21},"end":{"line":19,"column":22}},"loc":{"start":{"line":19,"column":31},"end":{"line":19,"column":64}},"line":19},"6":{"name":"(anonymous_6)","decl":{"start":{"line":22,"column":11},"end":{"line":22,"column":12}},"loc":{"start":{"line":22,"column":17},"end":{"line":22,"column":45}},"line":22},"7":{"name":"(anonymous_7)","decl":{"start":{"line":23,"column":15},"end":{"line":23,"column":16}},"loc":{"start":{"line":23,"column":27},"end":{"line":23,"column":66}},"line":23}},"branchMap":{},"s":{"0":3,"1":15,"2":12,"3":9,"4":7,"5":10,"6":8,"7":9,"8":8},"f":{"0":15,"1":12,"2":9,"3":7,"4":10,"5":8,"6":9,"7":8},"b":{},"meta":{"lastBranch":0,"lastFunction":8,"lastStatement":9,"seen":{"s:5:24:24:1":0,"f:10:12:10:13":0,"s:10:18:10:47":1,"f:11:11:11:12":1,"s:11:26:11:61":2,"f:14:9:14:10":2,"s:14:15:14:41":3,"f:15:13:15:14":3,"s:15:25:15:62":4,"f:18:15:18:16":4,"s:18:21:18:53":5,"f:19:21:19:22":5,"s:19:31:19:64":6,"f:22:11:22:12":6,"s:22:17:22:45":7,"f:23:15:23:16":7,"s:23:27:23:66":8}}}
,"/home/issue/Work/red-tetris/client/src/api/game/mutations.js": {"path":"/home/issue/Work/red-tetris/client/src/api/game/mutations.js","statementMap":{"0":{"start":{"line":9,"column":36},"end":{"line":29,"column":1}},"1":{"start":{"line":10,"column":21},"end":{"line":10,"column":38}},"2":{"start":{"line":12,"column":2},"end":{"line":28,"column":null}},"3":{"start":{"line":14,"column":23},"end":{"line":14,"column":66}},"4":{"start":{"line":15,"column":6},"end":{"line":19,"column":null}},"5":{"start":{"line":16,"column":8},"end":{"line":18,"column":null}},"6":{"start":{"line":20,"column":6},"end":{"line":20,"column":null}},"7":{"start":{"line":24,"column":6},"end":{"line":24,"column":null}},"8":{"start":{"line":26,"column":6},"end":{"line":26,"column":null}},"9":{"start":{"line":34,"column":34},"end":{"line":52,"column":1}},"10":{"start":{"line":35,"column":21},"end":{"line":35,"column":38}},"11":{"start":{"line":37,"column":2},"end":{"line":51,"column":null}},"12":{"start":{"line":39,"column":23},"end":{"line":39,"column":72}},"13":{"start":{"line":40,"column":6},"end":{"line":44,"column":null}},"14":{"start":{"line":41,"column":8},"end":{"line":43,"column":null}},"15":{"start":{"line":45,"column":6},"end":{"line":45,"column":null}},"16":{"start":{"line":49,"column":6},"end":{"line":49,"column":null}},"17":{"start":{"line":57,"column":30},"end":{"line":77,"column":1}},"18":{"start":{"line":58,"column":21},"end":{"line":58,"column":38}},"19":{"start":{"line":60,"column":2},"end":{"line":76,"column":null}},"20":{"start":{"line":62,"column":23},"end":{"line":62,"column":63}},"21":{"start":{"line":63,"column":6},"end":{"line":65,"column":null}},"22":{"start":{"line":64,"column":8},"end":{"line":64,"column":null}},"23":{"start":{"line":66,"column":6},"end":{"line":66,"column":null}},"24":{"start":{"line":70,"column":6},"end":{"line":70,"column":null}},"25":{"start":{"line":71,"column":6},"end":{"line":71,"column":null}},"26":{"start":{"line":72,"column":6},"end":{"line":74,"column":null}},"27":{"start":{"line":82,"column":36},"end":{"line":103,"column":1}},"28":{"start":{"line":83,"column":21},"end":{"line":83,"column":38}},"29":{"start":{"line":85,"column":2},"end":{"line":102,"column":null}},"30":{"start":{"line":87,"column":23},"end":{"line":87,"column":75}},"31":{"start":{"line":88,"column":6},"end":{"line":92,"column":null}},"32":{"start":{"line":89,"column":8},"end":{"line":91,"column":null}},"33":{"start":{"line":93,"column":6},"end":{"line":93,"column":null}},"34":{"start":{"line":97,"column":6},"end":{"line":100,"column":null}},"35":{"start":{"line":108,"column":35},"end":{"line":128,"column":1}},"36":{"start":{"line":109,"column":21},"end":{"line":109,"column":38}},"37":{"start":{"line":111,"column":2},"end":{"line":127,"column":null}},"38":{"start":{"line":113,"column":23},"end":{"line":113,"column":73}},"39":{"start":{"line":114,"column":6},"end":{"line":118,"column":null}},"40":{"start":{"line":115,"column":8},"end":{"line":117,"column":null}},"41":{"start":{"line":119,"column":6},"end":{"line":119,"column":null}},"42":{"start":{"line":123,"column":6},"end":{"line":123,"column":null}},"43":{"start":{"line":125,"column":6},"end":{"line":125,"column":null}},"44":{"start":{"line":133,"column":34},"end":{"line":160,"column":1}},"45":{"start":{"line":134,"column":21},"end":{"line":134,"column":38}},"46":{"start":{"line":136,"column":2},"end":{"line":159,"column":null}},"47":{"start":{"line":138,"column":23},"end":{"line":138,"column":74}},"48":{"start":{"line":139,"column":6},"end":{"line":143,"column":null}},"49":{"start":{"line":140,"column":8},"end":{"line":142,"column":null}},"50":{"start":{"line":144,"column":6},"end":{"line":144,"column":null}},"51":{"start":{"line":148,"column":6},"end":{"line":150,"column":null}},"52":{"start":{"line":152,"column":6},"end":{"line":152,"column":null}},"53":{"start":{"line":154,"column":6},"end":{"line":154,"column":null}},"54":{"start":{"line":156,"column":6},"end":{"line":156,"column":null}},"55":{"start":{"line":157,"column":6},"end":{"line":157,"column":null}}},"fnMap":{"0":{"name":"(anonymous_0)","decl":{"start":{"line":9,"column":36},"end":{"line":9,"column":37}},"loc":{"start":{"line":9,"column":42},"end":{"line":29,"column":1}},"line":9},"1":{"name":"(anonymous_1)","decl":{"start":{"line":13,"column":16},"end":{"line":13,"column":21}},"loc":{"start":{"line":13,"column":38},"end":{"line":21,"column":5}},"line":13},"2":{"name":"(anonymous_2)","decl":{"start":{"line":22,"column":15},"end":{"line":22,"column":16}},"loc":{"start":{"line":22,"column":31},"end":{"line":27,"column":5}},"line":22},"3":{"name":"(anonymous_3)","decl":{"start":{"line":34,"column":34},"end":{"line":34,"column":35}},"loc":{"start":{"line":34,"column":40},"end":{"line":52,"column":1}},"line":34},"4":{"name":"(anonymous_4)","decl":{"start":{"line":38,"column":16},"end":{"line":38,"column":21}},"loc":{"start":{"line":38,"column":37},"end":{"line":46,"column":5}},"line":38},"5":{"name":"(anonymous_5)","decl":{"start":{"line":47,"column":15},"end":{"line":47,"column":16}},"loc":{"start":{"line":47,"column":28},"end":{"line":50,"column":5}},"line":47},"6":{"name":"(anonymous_6)","decl":{"start":{"line":57,"column":30},"end":{"line":57,"column":31}},"loc":{"start":{"line":57,"column":36},"end":{"line":77,"column":1}},"line":57},"7":{"name":"(anonymous_7)","decl":{"start":{"line":61,"column":16},"end":{"line":61,"column":21}},"loc":{"start":{"line":61,"column":37},"end":{"line":67,"column":5}},"line":61},"8":{"name":"(anonymous_8)","decl":{"start":{"line":68,"column":15},"end":{"line":68,"column":16}},"loc":{"start":{"line":68,"column":30},"end":{"line":75,"column":5}},"line":68},"9":{"name":"(anonymous_9)","decl":{"start":{"line":82,"column":36},"end":{"line":82,"column":37}},"loc":{"start":{"line":82,"column":42},"end":{"line":103,"column":1}},"line":82},"10":{"name":"(anonymous_10)","decl":{"start":{"line":86,"column":16},"end":{"line":86,"column":21}},"loc":{"start":{"line":86,"column":50},"end":{"line":94,"column":5}},"line":86},"11":{"name":"(anonymous_11)","decl":{"start":{"line":95,"column":15},"end":{"line":95,"column":16}},"loc":{"start":{"line":95,"column":35},"end":{"line":101,"column":5}},"line":95},"12":{"name":"(anonymous_12)","decl":{"start":{"line":108,"column":35},"end":{"line":108,"column":36}},"loc":{"start":{"line":108,"column":41},"end":{"line":128,"column":1}},"line":108},"13":{"name":"(anonymous_13)","decl":{"start":{"line":112,"column":16},"end":{"line":112,"column":21}},"loc":{"start":{"line":112,"column":37},"end":{"line":120,"column":5}},"line":112},"14":{"name":"(anonymous_14)","decl":{"start":{"line":121,"column":15},"end":{"line":121,"column":16}},"loc":{"start":{"line":121,"column":33},"end":{"line":126,"column":5}},"line":121},"15":{"name":"(anonymous_15)","decl":{"start":{"line":133,"column":34},"end":{"line":133,"column":35}},"loc":{"start":{"line":133,"column":40},"end":{"line":160,"column":1}},"line":133},"16":{"name":"(anonymous_16)","decl":{"start":{"line":137,"column":16},"end":{"line":137,"column":21}},"loc":{"start":{"line":137,"column":48},"end":{"line":145,"column":5}},"line":137},"17":{"name":"(anonymous_17)","decl":{"start":{"line":146,"column":15},"end":{"line":146,"column":16}},"loc":{"start":{"line":146,"column":34},"end":{"line":158,"column":5}},"line":146}},"branchMap":{"0":{"loc":{"start":{"line":15,"column":6},"end":{"line":19,"column":null}},"type":"if","locations":[{"start":{"line":15,"column":6},"end":{"line":19,"column":null}},{"start":{},"end":{}}],"line":15},"1":{"loc":{"start":{"line":17,"column":10},"end":{"line":17,"column":null}},"type":"binary-expr","locations":[{"start":{"line":17,"column":10},"end":{"line":17,"column":32}},{"start":{"line":17,"column":36},"end":{"line":17,"column":null}}],"line":17},"2":{"loc":{"start":{"line":40,"column":6},"end":{"line":44,"column":null}},"type":"if","locations":[{"start":{"line":40,"column":6},"end":{"line":44,"column":null}},{"start":{},"end":{}}],"line":40},"3":{"loc":{"start":{"line":42,"column":10},"end":{"line":42,"column":null}},"type":"binary-expr","locations":[{"start":{"line":42,"column":10},"end":{"line":42,"column":32}},{"start":{"line":42,"column":36},"end":{"line":42,"column":null}}],"line":42},"4":{"loc":{"start":{"line":63,"column":6},"end":{"line":65,"column":null}},"type":"if","locations":[{"start":{"line":63,"column":6},"end":{"line":65,"column":null}},{"start":{},"end":{}}],"line":63},"5":{"loc":{"start":{"line":64,"column":24},"end":{"line":64,"column":74}},"type":"binary-expr","locations":[{"start":{"line":64,"column":24},"end":{"line":64,"column":46}},{"start":{"line":64,"column":50},"end":{"line":64,"column":74}}],"line":64},"6":{"loc":{"start":{"line":88,"column":6},"end":{"line":92,"column":null}},"type":"if","locations":[{"start":{"line":88,"column":6},"end":{"line":92,"column":null}},{"start":{},"end":{}}],"line":88},"7":{"loc":{"start":{"line":90,"column":10},"end":{"line":90,"column":null}},"type":"binary-expr","locations":[{"start":{"line":90,"column":10},"end":{"line":90,"column":32}},{"start":{"line":90,"column":36},"end":{"line":90,"column":null}}],"line":90},"8":{"loc":{"start":{"line":114,"column":6},"end":{"line":118,"column":null}},"type":"if","locations":[{"start":{"line":114,"column":6},"end":{"line":118,"column":null}},{"start":{},"end":{}}],"line":114},"9":{"loc":{"start":{"line":116,"column":10},"end":{"line":116,"column":null}},"type":"binary-expr","locations":[{"start":{"line":116,"column":10},"end":{"line":116,"column":32}},{"start":{"line":116,"column":36},"end":{"line":116,"column":null}}],"line":116},"10":{"loc":{"start":{"line":139,"column":6},"end":{"line":143,"column":null}},"type":"if","locations":[{"start":{"line":139,"column":6},"end":{"line":143,"column":null}},{"start":{},"end":{}}],"line":139},"11":{"loc":{"start":{"line":141,"column":10},"end":{"line":141,"column":null}},"type":"binary-expr","locations":[{"start":{"line":141,"column":10},"end":{"line":141,"column":32}},{"start":{"line":141,"column":36},"end":{"line":141,"column":null}}],"line":141}},"s":{"0":1,"1":4,"2":4,"3":2,"4":2,"5":1,"6":1,"7":1,"8":1,"9":1,"10":4,"11":4,"12":2,"13":2,"14":1,"15":1,"16":1,"17":1,"18":4,"19":4,"20":2,"21":2,"22":1,"23":1,"24":1,"25":1,"26":1,"27":1,"28":4,"29":4,"30":2,"31":2,"32":1,"33":1,"34":1,"35":1,"36":4,"37":4,"38":2,"39":2,"40":1,"41":1,"42":1,"43":1,"44":1,"45":2,"46":2,"47":1,"48":1,"49":1,"50":0,"51":0,"52":0,"53":0,"54":0,"55":0},"f":{"0":4,"1":2,"2":1,"3":4,"4":2,"5":1,"6":4,"7":2,"8":1,"9":4,"10":2,"11":1,"12":4,"13":2,"14":1,"15":2,"16":1,"17":0},"b":{"0":[1,1],"1":[1,0],"2":[1,1],"3":[1,0],"4":[1,1],"5":[1,0],"6":[1,1],"7":[1,0],"8":[1,1],"9":[1,0],"10":[1,0],"11":[1,0]},"meta":{"lastBranch":12,"lastFunction":18,"lastStatement":56,"seen":{"s:9:36:29:1":0,"f:9:36:9:37":0,"s:10:21:10:38":1,"s:12:2:28:Infinity":2,"f:13:16:13:21":1,"s:14:23:14:66":3,"b:15:6:19:Infinity:undefined:undefined:undefined:undefined":0,"s:15:6:19:Infinity":4,"s:16:8:18:Infinity":5,"b:17:10:17:32:17:36:17:Infinity":1,"s:20:6:20:Infinity":6,"f:22:15:22:16":2,"s:24:6:24:Infinity":7,"s:26:6:26:Infinity":8,"s:34:34:52:1":9,"f:34:34:34:35":3,"s:35:21:35:38":10,"s:37:2:51:Infinity":11,"f:38:16:38:21":4,"s:39:23:39:72":12,"b:40:6:44:Infinity:undefined:undefined:undefined:undefined":2,"s:40:6:44:Infinity":13,"s:41:8:43:Infinity":14,"b:42:10:42:32:42:36:42:Infinity":3,"s:45:6:45:Infinity":15,"f:47:15:47:16":5,"s:49:6:49:Infinity":16,"s:57:30:77:1":17,"f:57:30:57:31":6,"s:58:21:58:38":18,"s:60:2:76:Infinity":19,"f:61:16:61:21":7,"s:62:23:62:63":20,"b:63:6:65:Infinity:undefined:undefined:undefined:undefined":4,"s:63:6:65:Infinity":21,"s:64:8:64:Infinity":22,"b:64:24:64:46:64:50:64:74":5,"s:66:6:66:Infinity":23,"f:68:15:68:16":8,"s:70:6:70:Infinity":24,"s:71:6:71:Infinity":25,"s:72:6:74:Infinity":26,"s:82:36:103:1":27,"f:82:36:82:37":9,"s:83:21:83:38":28,"s:85:2:102:Infinity":29,"f:86:16:86:21":10,"s:87:23:87:75":30,"b:88:6:92:Infinity:undefined:undefined:undefined:undefined":6,"s:88:6:92:Infinity":31,"s:89:8:91:Infinity":32,"b:90:10:90:32:90:36:90:Infinity":7,"s:93:6:93:Infinity":33,"f:95:15:95:16":11,"s:97:6:100:Infinity":34,"s:108:35:128:1":35,"f:108:35:108:36":12,"s:109:21:109:38":36,"s:111:2:127:Infinity":37,"f:112:16:112:21":13,"s:113:23:113:73":38,"b:114:6:118:Infinity:undefined:undefined:undefined:undefined":8,"s:114:6:118:Infinity":39,"s:115:8:117:Infinity":40,"b:116:10:116:32:116:36:116:Infinity":9,"s:119:6:119:Infinity":41,"f:121:15:121:16":14,"s:123:6:123:Infinity":42,"s:125:6:125:Infinity":43,"s:133:34:160:1":44,"f:133:34:133:35":15,"s:134:21:134:38":45,"s:136:2:159:Infinity":46,"f:137:16:137:21":16,"s:138:23:138:74":47,"b:139:6:143:Infinity:undefined:undefined:undefined:undefined":10,"s:139:6:143:Infinity":48,"s:140:8:142:Infinity":49,"b:141:10:141:32:141:36:141:Infinity":11,"s:144:6:144:Infinity":50,"f:146:15:146:16":17,"s:148:6:150:Infinity":51,"s:152:6:152:Infinity":52,"s:154:6:154:Infinity":53,"s:156:6:156:Infinity":54,"s:157:6:157:Infinity":55}}}
,"/home/issue/Work/red-tetris/client/src/api/game/queries.js": {"path":"/home/issue/Work/red-tetris/client/src/api/game/queries.js","statementMap":{"0":{"start":{"line":9,"column":30},"end":{"line":25,"column":1}},"1":{"start":{"line":10,"column":2},"end":{"line":24,"column":null}},"2":{"start":{"line":13,"column":23},"end":{"line":13,"column":66}},"3":{"start":{"line":14,"column":6},"end":{"line":18,"column":null}},"4":{"start":{"line":15,"column":8},"end":{"line":17,"column":null}},"5":{"start":{"line":19,"column":6},"end":{"line":19,"column":null}},"6":{"start":{"line":30,"column":28},"end":{"line":44,"column":1}},"7":{"start":{"line":31,"column":2},"end":{"line":43,"column":null}},"8":{"start":{"line":34,"column":23},"end":{"line":34,"column":65}},"9":{"start":{"line":35,"column":6},"end":{"line":37,"column":null}},"10":{"start":{"line":36,"column":8},"end":{"line":36,"column":null}},"11":{"start":{"line":38,"column":6},"end":{"line":38,"column":null}},"12":{"start":{"line":49,"column":30},"end":{"line":64,"column":1}},"13":{"start":{"line":50,"column":2},"end":{"line":63,"column":null}},"14":{"start":{"line":53,"column":23},"end":{"line":53,"column":69}},"15":{"start":{"line":54,"column":6},"end":{"line":58,"column":null}},"16":{"start":{"line":55,"column":8},"end":{"line":57,"column":null}},"17":{"start":{"line":59,"column":6},"end":{"line":59,"column":null}},"18":{"start":{"line":69,"column":34},"end":{"line":85,"column":1}},"19":{"start":{"line":70,"column":2},"end":{"line":84,"column":null}},"20":{"start":{"line":73,"column":23},"end":{"line":73,"column":67}},"21":{"start":{"line":74,"column":6},"end":{"line":78,"column":null}},"22":{"start":{"line":75,"column":8},"end":{"line":77,"column":null}},"23":{"start":{"line":79,"column":6},"end":{"line":79,"column":null}}},"fnMap":{"0":{"name":"(anonymous_0)","decl":{"start":{"line":9,"column":30},"end":{"line":9,"column":31}},"loc":{"start":{"line":9,"column":59},"end":{"line":25,"column":1}},"line":9},"1":{"name":"(anonymous_1)","decl":{"start":{"line":12,"column":13},"end":{"line":12,"column":18}},"loc":{"start":{"line":12,"column":25},"end":{"line":20,"column":5}},"line":12},"2":{"name":"(anonymous_2)","decl":{"start":{"line":30,"column":28},"end":{"line":30,"column":29}},"loc":{"start":{"line":30,"column":54},"end":{"line":44,"column":1}},"line":30},"3":{"name":"(anonymous_3)","decl":{"start":{"line":33,"column":13},"end":{"line":33,"column":18}},"loc":{"start":{"line":33,"column":25},"end":{"line":39,"column":5}},"line":33},"4":{"name":"(anonymous_4)","decl":{"start":{"line":49,"column":30},"end":{"line":49,"column":31}},"loc":{"start":{"line":49,"column":66},"end":{"line":64,"column":1}},"line":49},"5":{"name":"(anonymous_5)","decl":{"start":{"line":52,"column":13},"end":{"line":52,"column":18}},"loc":{"start":{"line":52,"column":25},"end":{"line":60,"column":5}},"line":52},"6":{"name":"(anonymous_6)","decl":{"start":{"line":69,"column":34},"end":{"line":69,"column":35}},"loc":{"start":{"line":69,"column":60},"end":{"line":85,"column":1}},"line":69},"7":{"name":"(anonymous_7)","decl":{"start":{"line":72,"column":13},"end":{"line":72,"column":18}},"loc":{"start":{"line":72,"column":25},"end":{"line":80,"column":5}},"line":72}},"branchMap":{"0":{"loc":{"start":{"line":9,"column":42},"end":{"line":9,"column":54}},"type":"default-arg","locations":[{"start":{"line":9,"column":52},"end":{"line":9,"column":54}}],"line":9},"1":{"loc":{"start":{"line":14,"column":6},"end":{"line":18,"column":null}},"type":"if","locations":[{"start":{"line":14,"column":6},"end":{"line":18,"column":null}},{"start":{},"end":{}}],"line":14},"2":{"loc":{"start":{"line":16,"column":10},"end":{"line":16,"column":null}},"type":"binary-expr","locations":[{"start":{"line":16,"column":10},"end":{"line":16,"column":32}},{"start":{"line":16,"column":36},"end":{"line":16,"column":null}}],"line":16},"3":{"loc":{"start":{"line":21,"column":13},"end":{"line":21,"column":50}},"type":"binary-expr","locations":[{"start":{"line":21,"column":13},"end":{"line":21,"column":24}},{"start":{"line":21,"column":28},"end":{"line":21,"column":50}}],"line":21},"4":{"loc":{"start":{"line":30,"column":37},"end":{"line":30,"column":49}},"type":"default-arg","locations":[{"start":{"line":30,"column":47},"end":{"line":30,"column":49}}],"line":30},"5":{"loc":{"start":{"line":35,"column":6},"end":{"line":37,"column":null}},"type":"if","locations":[{"start":{"line":35,"column":6},"end":{"line":37,"column":null}},{"start":{},"end":{}}],"line":35},"6":{"loc":{"start":{"line":36,"column":24},"end":{"line":36,"column":78}},"type":"binary-expr","locations":[{"start":{"line":36,"column":24},"end":{"line":36,"column":46}},{"start":{"line":36,"column":50},"end":{"line":36,"column":78}}],"line":36},"7":{"loc":{"start":{"line":40,"column":13},"end":{"line":40,"column":47}},"type":"binary-expr","locations":[{"start":{"line":40,"column":13},"end":{"line":40,"column":21}},{"start":{"line":40,"column":25},"end":{"line":40,"column":47}}],"line":40},"8":{"loc":{"start":{"line":49,"column":31},"end":{"line":49,"column":47}},"type":"default-arg","locations":[{"start":{"line":49,"column":38},"end":{"line":49,"column":47}}],"line":49},"9":{"loc":{"start":{"line":49,"column":49},"end":{"line":49,"column":61}},"type":"default-arg","locations":[{"start":{"line":49,"column":59},"end":{"line":49,"column":61}}],"line":49},"10":{"loc":{"start":{"line":54,"column":6},"end":{"line":58,"column":null}},"type":"if","locations":[{"start":{"line":54,"column":6},"end":{"line":58,"column":null}},{"start":{},"end":{}}],"line":54},"11":{"loc":{"start":{"line":56,"column":10},"end":{"line":56,"column":null}},"type":"binary-expr","locations":[{"start":{"line":56,"column":10},"end":{"line":56,"column":32}},{"start":{"line":56,"column":36},"end":{"line":56,"column":null}}],"line":56},"12":{"loc":{"start":{"line":69,"column":43},"end":{"line":69,"column":55}},"type":"default-arg","locations":[{"start":{"line":69,"column":53},"end":{"line":69,"column":55}}],"line":69},"13":{"loc":{"start":{"line":74,"column":6},"end":{"line":78,"column":null}},"type":"if","locations":[{"start":{"line":74,"column":6},"end":{"line":78,"column":null}},{"start":{},"end":{}}],"line":74},"14":{"loc":{"start":{"line":76,"column":10},"end":{"line":76,"column":null}},"type":"binary-expr","locations":[{"start":{"line":76,"column":10},"end":{"line":76,"column":32}},{"start":{"line":76,"column":36},"end":{"line":76,"column":null}}],"line":76},"15":{"loc":{"start":{"line":81,"column":13},"end":{"line":81,"column":47}},"type":"binary-expr","locations":[{"start":{"line":81,"column":13},"end":{"line":81,"column":21}},{"start":{"line":81,"column":25},"end":{"line":81,"column":47}}],"line":81}},"s":{"0":1,"1":6,"2":2,"3":2,"4":1,"5":1,"6":1,"7":6,"8":2,"9":2,"10":1,"11":1,"12":1,"13":6,"14":3,"15":3,"16":1,"17":2,"18":1,"19":6,"20":2,"21":2,"22":1,"23":1},"f":{"0":6,"1":2,"2":6,"3":2,"4":6,"5":3,"6":6,"7":2},"b":{"0":[6],"1":[1,1],"2":[1,0],"3":[6,5],"4":[6],"5":[1,1],"6":[1,0],"7":[6,5],"8":[6],"9":[6],"10":[1,2],"11":[1,0],"12":[6],"13":[1,1],"14":[1,0],"15":[6,5]},"meta":{"lastBranch":16,"lastFunction":8,"lastStatement":24,"seen":{"s:9:30:25:1":0,"f:9:30:9:31":0,"b:9:52:9:54":0,"s:10:2:24:Infinity":1,"f:12:13:12:18":1,"s:13:23:13:66":2,"b:14:6:18:Infinity:undefined:undefined:undefined:undefined":1,"s:14:6:18:Infinity":3,"s:15:8:17:Infinity":4,"b:16:10:16:32:16:36:16:Infinity":2,"s:19:6:19:Infinity":5,"b:21:13:21:24:21:28:21:50":3,"s:30:28:44:1":6,"f:30:28:30:29":2,"b:30:47:30:49":4,"s:31:2:43:Infinity":7,"f:33:13:33:18":3,"s:34:23:34:65":8,"b:35:6:37:Infinity:undefined:undefined:undefined:undefined":5,"s:35:6:37:Infinity":9,"s:36:8:36:Infinity":10,"b:36:24:36:46:36:50:36:78":6,"s:38:6:38:Infinity":11,"b:40:13:40:21:40:25:40:47":7,"s:49:30:64:1":12,"f:49:30:49:31":4,"b:49:38:49:47":8,"b:49:59:49:61":9,"s:50:2:63:Infinity":13,"f:52:13:52:18":5,"s:53:23:53:69":14,"b:54:6:58:Infinity:undefined:undefined:undefined:undefined":10,"s:54:6:58:Infinity":15,"s:55:8:57:Infinity":16,"b:56:10:56:32:56:36:56:Infinity":11,"s:59:6:59:Infinity":17,"s:69:34:85:1":18,"f:69:34:69:35":6,"b:69:53:69:55":12,"s:70:2:84:Infinity":19,"f:72:13:72:18":7,"s:73:23:73:67":20,"b:74:6:78:Infinity:undefined:undefined:undefined:undefined":13,"s:74:6:78:Infinity":21,"s:75:8:77:Infinity":22,"b:76:10:76:32:76:36:76:Infinity":14,"s:79:6:79:Infinity":23,"b:81:13:81:21:81:25:81:47":15}}}
,"/home/issue/Work/red-tetris/client/src/components/TetrisBlock.jsx": {"path":"/home/issue/Work/red-tetris/client/src/components/TetrisBlock.jsx","statementMap":{"0":{"start":{"line":4,"column":27},"end":{"line":13,"column":null}},"1":{"start":{"line":5,"column":2},"end":{"line":13,"column":null}}},"fnMap":{"0":{"name":"(anonymous_0)","decl":{"start":{"line":4,"column":27},"end":{"line":4,"column":28}},"loc":{"start":{"line":5,"column":2},"end":{"line":13,"column":null}},"line":5}},"branchMap":{"0":{"loc":{"start":{"line":4,"column":37},"end":{"line":4,"column":47}},"type":"default-arg","locations":[{"start":{"line":4,"column":44},"end":{"line":4,"column":47}}],"line":4}},"s":{"0":1,"1":4},"f":{"0":4},"b":{"0":[4]},"meta":{"lastBranch":1,"lastFunction":1,"lastStatement":2,"seen":{"s:4:27:13:Infinity":0,"f:4:27:4:28":0,"s:5:2:13:Infinity":1,"b:4:44:4:47":0}}}
,"/home/issue/Work/red-tetris/client/src/components/auth/OAuth42Button.jsx": {"path":"/home/issue/Work/red-tetris/client/src/components/auth/OAuth42Button.jsx","statementMap":{"0":{"start":{"line":5,"column":29},"end":{"line":33,"column":null}},"1":{"start":{"line":6,"column":27},"end":{"line":9,"column":null}},"2":{"start":{"line":7,"column":19},"end":{"line":7,"column":null}},"3":{"start":{"line":8,"column":4},"end":{"line":8,"column":null}},"4":{"start":{"line":11,"column":2},"end":{"line":31,"column":null}}},"fnMap":{"0":{"name":"(anonymous_0)","decl":{"start":{"line":5,"column":29},"end":{"line":5,"column":30}},"loc":{"start":{"line":5,"column":63},"end":{"line":33,"column":null}},"line":5},"1":{"name":"(anonymous_1)","decl":{"start":{"line":6,"column":27},"end":{"line":6,"column":33}},"loc":{"start":{"line":6,"column":33},"end":{"line":9,"column":null}},"line":6}},"branchMap":{"0":{"loc":{"start":{"line":5,"column":32},"end":{"line":5,"column":57}},"type":"default-arg","locations":[{"start":{"line":5,"column":39},"end":{"line":5,"column":57}}],"line":5},"1":{"loc":{"start":{"line":7,"column":19},"end":{"line":7,"column":null}},"type":"binary-expr","locations":[{"start":{"line":7,"column":19},"end":{"line":7,"column":52}},{"start":{"line":7,"column":52},"end":{"line":7,"column":null}}],"line":7}},"s":{"0":0,"1":0,"2":0,"3":0,"4":0},"f":{"0":0,"1":0},"b":{"0":[0],"1":[0,0]},"meta":{"lastBranch":2,"lastFunction":2,"lastStatement":5,"seen":{"s:5:29:33:Infinity":0,"f:5:29:5:30":0,"b:5:39:5:57":0,"s:6:27:9:Infinity":1,"f:6:27:6:33":1,"s:7:19:7:Infinity":2,"b:7:19:7:52:7:52:7:Infinity":1,"s:8:4:8:Infinity":3,"s:11:2:31:Infinity":4}}}
,"/home/issue/Work/red-tetris/client/src/components/game/Board.jsx": {"path":"/home/issue/Work/red-tetris/client/src/components/game/Board.jsx","statementMap":{"0":{"start":{"line":6,"column":18},"end":{"line":14,"column":null}},"1":{"start":{"line":16,"column":14},"end":{"line":20,"column":null}},"2":{"start":{"line":17,"column":2},"end":{"line":17,"column":null}},"3":{"start":{"line":17,"column":43},"end":{"line":17,"column":null}},"4":{"start":{"line":18,"column":2},"end":{"line":18,"column":null}},"5":{"start":{"line":18,"column":58},"end":{"line":18,"column":null}},"6":{"start":{"line":19,"column":2},"end":{"line":19,"column":null}},"7":{"start":{"line":22,"column":14},"end":{"line":85,"column":null}},"8":{"start":{"line":24,"column":26},"end":{"line":48,"column":null}},"9":{"start":{"line":25,"column":25},"end":{"line":25,"column":null}},"10":{"start":{"line":25,"column":51},"end":{"line":25,"column":59}},"11":{"start":{"line":27,"column":4},"end":{"line":45,"column":null}},"12":{"start":{"line":28,"column":23},"end":{"line":28,"column":null}},"13":{"start":{"line":29,"column":6},"end":{"line":44,"column":null}},"14":{"start":{"line":29,"column":21},"end":{"line":29,"column":24}},"15":{"start":{"line":30,"column":8},"end":{"line":43,"column":null}},"16":{"start":{"line":30,"column":23},"end":{"line":30,"column":26}},"17":{"start":{"line":31,"column":10},"end":{"line":42,"column":null}},"18":{"start":{"line":32,"column":25},"end":{"line":32,"column":null}},"19":{"start":{"line":33,"column":25},"end":{"line":33,"column":null}},"20":{"start":{"line":34,"column":12},"end":{"line":41,"column":null}},"21":{"start":{"line":40,"column":14},"end":{"line":40,"column":null}},"22":{"start":{"line":47,"column":4},"end":{"line":47,"column":null}},"23":{"start":{"line":50,"column":23},"end":{"line":50,"column":null}},"24":{"start":{"line":54,"column":2},"end":{"line":83,"column":null}},"25":{"start":{"line":66,"column":10},"end":{"line":69,"column":null}},"26":{"start":{"line":67,"column":29},"end":{"line":67,"column":null}},"27":{"start":{"line":68,"column":12},"end":{"line":68,"column":null}}},"fnMap":{"0":{"name":"(anonymous_0)","decl":{"start":{"line":16,"column":14},"end":{"line":16,"column":15}},"loc":{"start":{"line":16,"column":25},"end":{"line":20,"column":null}},"line":16},"1":{"name":"(anonymous_1)","decl":{"start":{"line":22,"column":14},"end":{"line":22,"column":15}},"loc":{"start":{"line":22,"column":79},"end":{"line":85,"column":null}},"line":22},"2":{"name":"(anonymous_2)","decl":{"start":{"line":24,"column":26},"end":{"line":24,"column":32}},"loc":{"start":{"line":24,"column":32},"end":{"line":48,"column":null}},"line":24},"3":{"name":"(anonymous_3)","decl":{"start":{"line":25,"column":42},"end":{"line":25,"column":43}},"loc":{"start":{"line":25,"column":51},"end":{"line":25,"column":59}},"line":25},"4":{"name":"(anonymous_4)","decl":{"start":{"line":65,"column":26},"end":{"line":65,"column":27}},"loc":{"start":{"line":66,"column":10},"end":{"line":69,"column":null}},"line":66},"5":{"name":"(anonymous_5)","decl":{"start":{"line":66,"column":18},"end":{"line":66,"column":19}},"loc":{"start":{"line":66,"column":38},"end":{"line":69,"column":11}},"line":66}},"branchMap":{"0":{"loc":{"start":{"line":17,"column":2},"end":{"line":17,"column":null}},"type":"if","locations":[{"start":{"line":17,"column":2},"end":{"line":17,"column":null}},{"start":{},"end":{}}],"line":17},"1":{"loc":{"start":{"line":17,"column":6},"end":{"line":17,"column":43}},"type":"binary-expr","locations":[{"start":{"line":17,"column":6},"end":{"line":17,"column":16}},{"start":{"line":17,"column":16},"end":{"line":17,"column":43}}],"line":17},"2":{"loc":{"start":{"line":18,"column":2},"end":{"line":18,"column":null}},"type":"if","locations":[{"start":{"line":18,"column":2},"end":{"line":18,"column":null}},{"start":{},"end":{}}],"line":18},"3":{"loc":{"start":{"line":18,"column":6},"end":{"line":18,"column":58}},"type":"binary-expr","locations":[{"start":{"line":18,"column":6},"end":{"line":18,"column":35}},{"start":{"line":18,"column":35},"end":{"line":18,"column":58}}],"line":18},"4":{"loc":{"start":{"line":19,"column":9},"end":{"line":19,"column":null}},"type":"binary-expr","locations":[{"start":{"line":19,"column":9},"end":{"line":19,"column":29}},{"start":{"line":19,"column":29},"end":{"line":19,"column":null}}],"line":19},"5":{"loc":{"start":{"line":27,"column":4},"end":{"line":45,"column":null}},"type":"if","locations":[{"start":{"line":27,"column":4},"end":{"line":45,"column":null}},{"start":{},"end":{}}],"line":27},"6":{"loc":{"start":{"line":27,"column":8},"end":{"line":27,"column":41}},"type":"binary-expr","locations":[{"start":{"line":27,"column":8},"end":{"line":27,"column":24}},{"start":{"line":27,"column":24},"end":{"line":27,"column":41}}],"line":27},"7":{"loc":{"start":{"line":31,"column":10},"end":{"line":42,"column":null}},"type":"if","locations":[{"start":{"line":31,"column":10},"end":{"line":42,"column":null}},{"start":{},"end":{}}],"line":31},"8":{"loc":{"start":{"line":34,"column":12},"end":{"line":41,"column":null}},"type":"if","locations":[{"start":{"line":34,"column":12},"end":{"line":41,"column":null}},{"start":{},"end":{}}],"line":34},"9":{"loc":{"start":{"line":35,"column":14},"end":{"line":38,"column":null}},"type":"binary-expr","locations":[{"start":{"line":35,"column":14},"end":{"line":35,"column":null}},{"start":{"line":36,"column":14},"end":{"line":36,"column":null}},{"start":{"line":37,"column":14},"end":{"line":37,"column":null}},{"start":{"line":38,"column":14},"end":{"line":38,"column":null}}],"line":35},"10":{"loc":{"start":{"line":73,"column":7},"end":{"line":81,"column":null}},"type":"binary-expr","locations":[{"start":{"line":73,"column":7},"end":{"line":73,"column":null}},{"start":{"line":74,"column":8},"end":{"line":81,"column":null}}],"line":73}},"s":{"0":1,"1":1,"2":2000,"3":1992,"4":8,"5":0,"6":8,"7":1,"8":10,"9":10,"10":200,"11":10,"12":2,"13":2,"14":2,"15":4,"16":4,"17":8,"18":8,"19":8,"20":8,"21":6,"22":10,"23":10,"24":10,"25":200,"26":2000,"27":2000},"f":{"0":2000,"1":10,"2":10,"3":200,"4":200,"5":2000},"b":{"0":[1992,8],"1":[2000,2000],"2":[0,8],"3":[8,8],"4":[8,0],"5":[2,8],"6":[10,3],"7":[8,0],"8":[6,2],"9":[8,8,8,6],"10":[10,1]},"meta":{"lastBranch":11,"lastFunction":6,"lastStatement":28,"seen":{"s:6:18:14:Infinity":0,"s:16:14:20:Infinity":1,"f:16:14:16:15":0,"b:17:2:17:Infinity:undefined:undefined:undefined:undefined":0,"s:17:2:17:Infinity":2,"b:17:6:17:16:17:16:17:43":1,"s:17:43:17:Infinity":3,"b:18:2:18:Infinity:undefined:undefined:undefined:undefined":2,"s:18:2:18:Infinity":4,"b:18:6:18:35:18:35:18:58":3,"s:18:58:18:Infinity":5,"s:19:2:19:Infinity":6,"b:19:9:19:29:19:29:19:Infinity":4,"s:22:14:85:Infinity":7,"f:22:14:22:15":1,"s:24:26:48:Infinity":8,"f:24:26:24:32":2,"s:25:25:25:Infinity":9,"f:25:42:25:43":3,"s:25:51:25:59":10,"b:27:4:45:Infinity:undefined:undefined:undefined:undefined":5,"s:27:4:45:Infinity":11,"b:27:8:27:24:27:24:27:41":6,"s:28:23:28:Infinity":12,"s:29:6:44:Infinity":13,"s:29:21:29:24":14,"s:30:8:43:Infinity":15,"s:30:23:30:26":16,"b:31:10:42:Infinity:undefined:undefined:undefined:undefined":7,"s:31:10:42:Infinity":17,"s:32:25:32:Infinity":18,"s:33:25:33:Infinity":19,"b:34:12:41:Infinity:undefined:undefined:undefined:undefined":8,"s:34:12:41:Infinity":20,"b:35:14:35:Infinity:36:14:36:Infinity:37:14:37:Infinity:38:14:38:Infinity":9,"s:40:14:40:Infinity":21,"s:47:4:47:Infinity":22,"s:50:23:50:Infinity":23,"s:54:2:83:Infinity":24,"f:65:26:65:27":4,"s:66:10:69:Infinity":25,"f:66:18:66:19":5,"s:67:29:67:Infinity":26,"s:68:12:68:Infinity":27,"b:73:7:73:Infinity:74:8:81:Infinity":10}}}
,"/home/issue/Work/red-tetris/client/src/components/game/Cell.jsx": {"path":"/home/issue/Work/red-tetris/client/src/components/game/Cell.jsx","statementMap":{"0":{"start":{"line":3,"column":6},"end":{"line":37,"column":null}},"1":{"start":{"line":4,"column":2},"end":{"line":4,"column":null}},"2":{"start":{"line":4,"column":14},"end":{"line":4,"column":null}},"3":{"start":{"line":6,"column":2},"end":{"line":35,"column":null}}},"fnMap":{"0":{"name":"Cell2","decl":{"start":{"line":3,"column":27},"end":{"line":3,"column":32}},"loc":{"start":{"line":3,"column":43},"end":{"line":37,"column":1}},"line":3}},"branchMap":{"0":{"loc":{"start":{"line":4,"column":2},"end":{"line":4,"column":null}},"type":"if","locations":[{"start":{"line":4,"column":2},"end":{"line":4,"column":null}},{"start":{},"end":{}}],"line":4}},"s":{"0":4,"1":2005,"2":1994,"3":11},"f":{"0":2005},"b":{"0":[1994,11]},"meta":{"lastBranch":1,"lastFunction":1,"lastStatement":4,"seen":{"s:3:6:37:Infinity":0,"f:3:27:3:32":0,"b:4:2:4:Infinity:undefined:undefined:undefined:undefined":0,"s:4:2:4:Infinity":1,"s:4:14:4:Infinity":2,"s:6:2:35:Infinity":3}}}
,"/home/issue/Work/red-tetris/client/src/components/game/GameControls.jsx": {"path":"/home/issue/Work/red-tetris/client/src/components/game/GameControls.jsx","statementMap":{"0":{"start":{"line":3,"column":21},"end":{"line":90,"column":null}},"1":{"start":{"line":10,"column":2},"end":{"line":88,"column":null}}},"fnMap":{"0":{"name":"(anonymous_0)","decl":{"start":{"line":3,"column":21},"end":{"line":3,"column":22}},"loc":{"start":{"line":9,"column":6},"end":{"line":90,"column":null}},"line":9}},"branchMap":{"0":{"loc":{"start":{"line":14,"column":11},"end":{"line":40,"column":null}},"type":"cond-expr","locations":[{"start":{"line":15,"column":12},"end":{"line":21,"column":null}},{"start":{"line":23,"column":12},"end":{"line":40,"column":null}}],"line":14},"1":{"loc":{"start":{"line":29,"column":19},"end":{"line":29,"column":null}},"type":"cond-expr","locations":[{"start":{"line":29,"column":30},"end":{"line":29,"column":41}},{"start":{"line":29,"column":41},"end":{"line":29,"column":null}}],"line":29}},"s":{"0":1,"1":8},"f":{"0":8},"b":{"0":[2,6],"1":[1,5]},"meta":{"lastBranch":2,"lastFunction":1,"lastStatement":2,"seen":{"s:3:21:90:Infinity":0,"f:3:21:3:22":0,"s:10:2:88:Infinity":1,"b:15:12:21:Infinity:23:12:40:Infinity":0,"b:29:30:29:41:29:41:29:Infinity":1}}}
,"/home/issue/Work/red-tetris/client/src/components/game/ShareRoomDialog.jsx": {"path":"/home/issue/Work/red-tetris/client/src/components/game/ShareRoomDialog.jsx","statementMap":{},"fnMap":{},"branchMap":{},"s":{},"f":{},"b":{},"meta":{"lastBranch":0,"lastFunction":0,"lastStatement":0,"seen":{}}}
,"/home/issue/Work/red-tetris/client/src/constants/achievements.js": {"path":"/home/issue/Work/red-tetris/client/src/constants/achievements.js","statementMap":{"0":{"start":{"line":2,"column":28},"end":{"line":93,"column":1}},"1":{"start":{"line":96,"column":37},"end":{"line":98,"column":1}},"2":{"start":{"line":97,"column":2},"end":{"line":97,"column":null}},"3":{"start":{"line":101,"column":34},"end":{"line":106,"column":1}},"4":{"start":{"line":102,"column":2},"end":{"line":105,"column":null}},"5":{"start":{"line":102,"column":67},"end":{"line":105,"column":3}},"6":{"start":{"line":109,"column":46},"end":{"line":114,"column":1}},"7":{"start":{"line":110,"column":2},"end":{"line":113,"column":null}},"8":{"start":{"line":110,"column":52},"end":{"line":113,"column":3}}},"fnMap":{"0":{"name":"(anonymous_0)","decl":{"start":{"line":96,"column":37},"end":{"line":96,"column":38}},"loc":{"start":{"line":96,"column":58},"end":{"line":98,"column":1}},"line":96},"1":{"name":"(anonymous_1)","decl":{"start":{"line":101,"column":34},"end":{"line":101,"column":35}},"loc":{"start":{"line":101,"column":40},"end":{"line":106,"column":1}},"line":101},"2":{"name":"(anonymous_2)","decl":{"start":{"line":102,"column":42},"end":{"line":102,"column":43}},"loc":{"start":{"line":102,"column":67},"end":{"line":105,"column":3}},"line":102},"3":{"name":"(anonymous_3)","decl":{"start":{"line":109,"column":46},"end":{"line":109,"column":47}},"loc":{"start":{"line":109,"column":77},"end":{"line":114,"column":1}},"line":109},"4":{"name":"(anonymous_4)","decl":{"start":{"line":110,"column":34},"end":{"line":110,"column":35}},"loc":{"start":{"line":110,"column":52},"end":{"line":113,"column":3}},"line":110}},"branchMap":{"0":{"loc":{"start":{"line":97,"column":9},"end":{"line":97,"column":46}},"type":"binary-expr","locations":[{"start":{"line":97,"column":9},"end":{"line":97,"column":38}},{"start":{"line":97,"column":42},"end":{"line":97,"column":46}}],"line":97},"1":{"loc":{"start":{"line":109,"column":47},"end":{"line":109,"column":72}},"type":"default-arg","locations":[{"start":{"line":109,"column":70},"end":{"line":109,"column":72}}],"line":109}},"s":{"0":1,"1":1,"2":4,"3":1,"4":10,"5":150,"6":1,"7":6,"8":90},"f":{"0":4,"1":10,"2":150,"3":6,"4":90},"b":{"0":[4,1],"1":[6]},"meta":{"lastBranch":2,"lastFunction":5,"lastStatement":9,"seen":{"s:2:28:93:1":0,"s:96:37:98:1":1,"f:96:37:96:38":0,"s:97:2:97:Infinity":2,"b:97:9:97:38:97:42:97:46":0,"s:101:34:106:1":3,"f:101:34:101:35":1,"s:102:2:105:Infinity":4,"f:102:42:102:43":2,"s:102:67:105:3":5,"s:109:46:114:1":6,"f:109:46:109:47":3,"b:109:70:109:72":1,"s:110:2:113:Infinity":7,"f:110:34:110:35":4,"s:110:52:113:3":8}}}
,"/home/issue/Work/red-tetris/client/src/hooks/useAuth.jsx": {"path":"/home/issue/Work/red-tetris/client/src/hooks/useAuth.jsx","statementMap":{"0":{"start":{"line":3,"column":23},"end":{"line":17,"column":null}},"1":{"start":{"line":4,"column":48},"end":{"line":4,"column":null}},"2":{"start":{"line":6,"column":26},"end":{"line":8,"column":null}},"3":{"start":{"line":7,"column":4},"end":{"line":7,"column":null}},"4":{"start":{"line":10,"column":2},"end":{"line":16,"column":null}}},"fnMap":{"0":{"name":"(anonymous_0)","decl":{"start":{"line":3,"column":23},"end":{"line":3,"column":29}},"loc":{"start":{"line":3,"column":29},"end":{"line":17,"column":null}},"line":3},"1":{"name":"(anonymous_1)","decl":{"start":{"line":6,"column":26},"end":{"line":6,"column":32}},"loc":{"start":{"line":6,"column":32},"end":{"line":8,"column":null}},"line":6}},"branchMap":{"0":{"loc":{"start":{"line":7,"column":11},"end":{"line":7,"column":null}},"type":"binary-expr","locations":[{"start":{"line":7,"column":11},"end":{"line":7,"column":37}},{"start":{"line":7,"column":37},"end":{"line":7,"column":47}},{"start":{"line":7,"column":47},"end":{"line":7,"column":null}}],"line":7}},"s":{"0":1,"1":5,"2":5,"3":2,"4":5},"f":{"0":5,"1":2},"b":{"0":[2,1,1]},"meta":{"lastBranch":1,"lastFunction":2,"lastStatement":5,"seen":{"s:3:23:17:Infinity":0,"f:3:23:3:29":0,"s:4:48:4:Infinity":1,"s:6:26:8:Infinity":2,"f:6:26:6:32":1,"s:7:4:7:Infinity":3,"b:7:11:7:37:7:37:7:47:7:47:7:Infinity":0,"s:10:2:16:Infinity":4}}}
,"/home/issue/Work/red-tetris/client/src/hooks/useGameCompletion.js": {"path":"/home/issue/Work/red-tetris/client/src/hooks/useGameCompletion.js","statementMap":{"0":{"start":{"line":5,"column":33},"end":{"line":51,"column":1}},"1":{"start":{"line":6,"column":31},"end":{"line":6,"column":47}},"2":{"start":{"line":7,"column":27},"end":{"line":7,"column":42}},"3":{"start":{"line":9,"column":23},"end":{"line":44,"column":3}},"4":{"start":{"line":10,"column":4},"end":{"line":43,"column":null}},"5":{"start":{"line":11,"column":6},"end":{"line":11,"column":null}},"6":{"start":{"line":12,"column":6},"end":{"line":12,"column":null}},"7":{"start":{"line":15,"column":27},"end":{"line":15,"column":57}},"8":{"start":{"line":16,"column":21},"end":{"line":16,"column":43}},"9":{"start":{"line":17,"column":6},"end":{"line":19,"column":null}},"10":{"start":{"line":18,"column":8},"end":{"line":18,"column":null}},"11":{"start":{"line":22,"column":27},"end":{"line":22,"column":71}},"12":{"start":{"line":24,"column":6},"end":{"line":30,"column":null}},"13":{"start":{"line":25,"column":8},"end":{"line":29,"column":null}},"14":{"start":{"line":32,"column":6},"end":{"line":32,"column":null}},"15":{"start":{"line":35,"column":8},"end":{"line":35,"column":69}},"16":{"start":{"line":36,"column":6},"end":{"line":36,"column":null}},"17":{"start":{"line":37,"column":6},"end":{"line":40,"column":null}},"18":{"start":{"line":42,"column":6},"end":{"line":42,"column":null}},"19":{"start":{"line":46,"column":2},"end":{"line":50,"column":null}}},"fnMap":{"0":{"name":"(anonymous_0)","decl":{"start":{"line":5,"column":33},"end":{"line":5,"column":34}},"loc":{"start":{"line":5,"column":39},"end":{"line":51,"column":1}},"line":5},"1":{"name":"(anonymous_1)","decl":{"start":{"line":9,"column":23},"end":{"line":9,"column":28}},"loc":{"start":{"line":9,"column":43},"end":{"line":44,"column":3}},"line":9}},"branchMap":{"0":{"loc":{"start":{"line":17,"column":6},"end":{"line":19,"column":null}},"type":"if","locations":[{"start":{"line":17,"column":6},"end":{"line":19,"column":null}},{"start":{},"end":{}}],"line":17},"1":{"loc":{"start":{"line":24,"column":6},"end":{"line":30,"column":null}},"type":"if","locations":[{"start":{"line":24,"column":6},"end":{"line":30,"column":null}},{"start":{},"end":{}}],"line":24},"2":{"loc":{"start":{"line":28,"column":19},"end":{"line":28,"column":73}},"type":"binary-expr","locations":[{"start":{"line":28,"column":19},"end":{"line":28,"column":39}},{"start":{"line":28,"column":43},"end":{"line":28,"column":73}}],"line":28},"3":{"loc":{"start":{"line":32,"column":22},"end":{"line":32,"column":78}},"type":"binary-expr","locations":[{"start":{"line":32,"column":22},"end":{"line":32,"column":49}},{"start":{"line":32,"column":53},"end":{"line":32,"column":78}}],"line":32},"4":{"loc":{"start":{"line":35,"column":8},"end":{"line":35,"column":69}},"type":"binary-expr","locations":[{"start":{"line":35,"column":8},"end":{"line":35,"column":20}},{"start":{"line":35,"column":24},"end":{"line":35,"column":69}}],"line":35}},"s":{"0":1,"1":8,"2":8,"3":8,"4":4,"5":4,"6":4,"7":4,"8":4,"9":4,"10":1,"11":3,"12":2,"13":2,"14":0,"15":2,"16":2,"17":2,"18":4,"19":8},"f":{"0":8,"1":4},"b":{"0":[1,3],"1":[2,0],"2":[2,1],"3":[0,0],"4":[2,0]},"meta":{"lastBranch":5,"lastFunction":2,"lastStatement":20,"seen":{"s:5:33:51:1":0,"f:5:33:5:34":0,"s:6:31:6:47":1,"s:7:27:7:42":2,"s:9:23:44:3":3,"f:9:23:9:28":1,"s:10:4:43:Infinity":4,"s:11:6:11:Infinity":5,"s:12:6:12:Infinity":6,"s:15:27:15:57":7,"s:16:21:16:43":8,"b:17:6:19:Infinity:undefined:undefined:undefined:undefined":0,"s:17:6:19:Infinity":9,"s:18:8:18:Infinity":10,"s:22:27:22:71":11,"b:24:6:30:Infinity:undefined:undefined:undefined:undefined":1,"s:24:6:30:Infinity":12,"s:25:8:29:Infinity":13,"b:28:19:28:39:28:43:28:73":2,"s:32:6:32:Infinity":14,"b:32:22:32:49:32:53:32:78":3,"s:35:8:35:69":15,"b:35:8:35:20:35:24:35:69":4,"s:36:6:36:Infinity":16,"s:37:6:40:Infinity":17,"s:42:6:42:Infinity":18,"s:46:2:50:Infinity":19}}}
,"/home/issue/Work/red-tetris/client/src/lib/apiClient.js": {"path":"/home/issue/Work/red-tetris/client/src/lib/apiClient.js","statementMap":{"0":{"start":{"line":4,"column":2},"end":{"line":4,"column":62}},"1":{"start":{"line":6,"column":23},"end":{"line":12,"column":1}},"2":{"start":{"line":7,"column":2},"end":{"line":11,"column":null}},"3":{"start":{"line":8,"column":4},"end":{"line":8,"column":null}},"4":{"start":{"line":10,"column":4},"end":{"line":10,"column":null}},"5":{"start":{"line":14,"column":24},"end":{"line":20,"column":1}},"6":{"start":{"line":15,"column":2},"end":{"line":19,"column":null}},"7":{"start":{"line":16,"column":4},"end":{"line":16,"column":null}},"8":{"start":{"line":18,"column":4},"end":{"line":18,"column":null}},"9":{"start":{"line":23,"column":18},"end":{"line":28,"column":2}},"10":{"start":{"line":31,"column":0},"end":{"line":40,"column":null}},"11":{"start":{"line":33,"column":18},"end":{"line":33,"column":34}},"12":{"start":{"line":34,"column":4},"end":{"line":36,"column":null}},"13":{"start":{"line":35,"column":6},"end":{"line":35,"column":null}},"14":{"start":{"line":37,"column":4},"end":{"line":37,"column":null}},"15":{"start":{"line":39,"column":13},"end":{"line":39,"column":null}},"16":{"start":{"line":43,"column":0},"end":{"line":88,"column":null}},"17":{"start":{"line":44,"column":16},"end":{"line":44,"column":24}},"18":{"start":{"line":46,"column":28},"end":{"line":46,"column":40}},"19":{"start":{"line":48,"column":4},"end":{"line":84,"column":null}},"20":{"start":{"line":49,"column":6},"end":{"line":49,"column":null}},"21":{"start":{"line":51,"column":6},"end":{"line":83,"column":null}},"22":{"start":{"line":52,"column":29},"end":{"line":52,"column":46}},"23":{"start":{"line":53,"column":8},"end":{"line":59,"column":null}},"24":{"start":{"line":55,"column":10},"end":{"line":55,"column":null}},"25":{"start":{"line":56,"column":10},"end":{"line":56,"column":null}},"26":{"start":{"line":57,"column":10},"end":{"line":57,"column":null}},"27":{"start":{"line":58,"column":10},"end":{"line":58,"column":null}},"28":{"start":{"line":62,"column":25},"end":{"line":64,"column":10}},"29":{"start":{"line":66,"column":63},"end":{"line":66,"column":76}},"30":{"start":{"line":69,"column":8},"end":{"line":69,"column":null}},"31":{"start":{"line":70,"column":8},"end":{"line":70,"column":null}},"32":{"start":{"line":73,"column":8},"end":{"line":73,"column":null}},"33":{"start":{"line":76,"column":8},"end":{"line":76,"column":null}},"34":{"start":{"line":79,"column":8},"end":{"line":79,"column":null}},"35":{"start":{"line":80,"column":8},"end":{"line":80,"column":null}},"36":{"start":{"line":81,"column":8},"end":{"line":81,"column":null}},"37":{"start":{"line":82,"column":8},"end":{"line":82,"column":null}},"38":{"start":{"line":86,"column":4},"end":{"line":86,"column":null}},"39":{"start":{"line":91,"column":2},"end":{"line":100,"column":null}},"40":{"start":{"line":92,"column":16},"end":{"line":92,"column":48}},"41":{"start":{"line":93,"column":4},"end":{"line":93,"column":null}},"42":{"start":{"line":95,"column":4},"end":{"line":99,"column":null}},"43":{"start":{"line":104,"column":2},"end":{"line":113,"column":null}},"44":{"start":{"line":105,"column":16},"end":{"line":105,"column":41}},"45":{"start":{"line":106,"column":4},"end":{"line":106,"column":null}},"46":{"start":{"line":108,"column":4},"end":{"line":112,"column":null}},"47":{"start":{"line":117,"column":2},"end":{"line":126,"column":null}},"48":{"start":{"line":118,"column":16},"end":{"line":118,"column":47}},"49":{"start":{"line":119,"column":4},"end":{"line":119,"column":null}},"50":{"start":{"line":121,"column":4},"end":{"line":125,"column":null}},"51":{"start":{"line":130,"column":2},"end":{"line":139,"column":null}},"52":{"start":{"line":131,"column":16},"end":{"line":131,"column":44}},"53":{"start":{"line":132,"column":4},"end":{"line":132,"column":null}},"54":{"start":{"line":134,"column":4},"end":{"line":138,"column":null}}},"fnMap":{"0":{"name":"(anonymous_0)","decl":{"start":{"line":6,"column":23},"end":{"line":6,"column":24}},"loc":{"start":{"line":6,"column":29},"end":{"line":12,"column":1}},"line":6},"1":{"name":"(anonymous_1)","decl":{"start":{"line":14,"column":24},"end":{"line":14,"column":25}},"loc":{"start":{"line":14,"column":30},"end":{"line":20,"column":1}},"line":14},"2":{"name":"(anonymous_2)","decl":{"start":{"line":32,"column":2},"end":{"line":32,"column":3}},"loc":{"start":{"line":32,"column":14},"end":{"line":38,"column":3}},"line":32},"3":{"name":"(anonymous_3)","decl":{"start":{"line":39,"column":2},"end":{"line":39,"column":3}},"loc":{"start":{"line":39,"column":13},"end":{"line":39,"column":null}},"line":39},"4":{"name":"(anonymous_4)","decl":{"start":{"line":44,"column":2},"end":{"line":44,"column":3}},"loc":{"start":{"line":44,"column":16},"end":{"line":44,"column":24}},"line":44},"5":{"name":"(anonymous_5)","decl":{"start":{"line":45,"column":2},"end":{"line":45,"column":7}},"loc":{"start":{"line":45,"column":19},"end":{"line":87,"column":null}},"line":45},"6":{"name":"apiPost","decl":{"start":{"line":90,"column":22},"end":{"line":90,"column":29}},"loc":{"start":{"line":90,"column":42},"end":{"line":101,"column":null}},"line":90},"7":{"name":"apiGet","decl":{"start":{"line":103,"column":22},"end":{"line":103,"column":28}},"loc":{"start":{"line":103,"column":35},"end":{"line":114,"column":null}},"line":103},"8":{"name":"apiPut","decl":{"start":{"line":116,"column":22},"end"
[...]
{"line":60,"column":10},"end":{"line":60,"column":null}},"29":{"start":{"line":64,"column":8},"end":{"line":66,"column":null}},"30":{"start":{"line":65,"column":10},"end":{"line":65,"column":null}},"31":{"start":{"line":71,"column":2},"end":{"line":71,"column":null}},"32":{"start":{"line":77,"column":26},"end":{"line":92,"column":1}},"33":{"start":{"line":78,"column":19},"end":{"line":78,"column":36}},"34":{"start":{"line":79,"column":19},"end":{"line":79,"column":27}},"35":{"start":{"line":81,"column":2},"end":{"line":90,"column":null}},"36":{"start":{"line":81,"column":17},"end":{"line":81,"column":18}},"37":{"start":{"line":82,"column":4},"end":{"line":89,"column":null}},"38":{"start":{"line":82,"column":19},"end":{"line":82,"column":20}},"39":{"start":{"line":83,"column":6},"end":{"line":88,"column":null}},"40":{"start":{"line":84,"column":21},"end":{"line":84,"column":28}},"41":{"start":{"line":85,"column":8},"end":{"line":87,"column":null}},"42":{"start":{"line":86,"column":10},"end":{"line":86,"column":null}},"43":{"start":{"line":91,"column":2},"end":{"line":91,"column":null}},"44":{"start":{"line":95,"column":34},"end":{"line":115,"column":1}},"45":{"start":{"line":96,"column":25},"end":{"line":96,"column":27}},"46":{"start":{"line":97,"column":2},"end":{"line":113,"column":null}},"47":{"start":{"line":97,"column":17},"end":{"line":97,"column":18}},"48":{"start":{"line":98,"column":21},"end":{"line":98,"column":26}},"49":{"start":{"line":99,"column":20},"end":{"line":99,"column":24}},"50":{"start":{"line":100,"column":4},"end":{"line":109,"column":null}},"51":{"start":{"line":100,"column":19},"end":{"line":100,"column":20}},"52":{"start":{"line":101,"column":19},"end":{"line":101,"column":34}},"53":{"start":{"line":102,"column":6},"end":{"line":105,"column":null}},"54":{"start":{"line":103,"column":8},"end":{"line":103,"column":null}},"55":{"start":{"line":104,"column":8},"end":{"line":104,"column":null}},"56":{"start":{"line":106,"column":6},"end":{"line":108,"column":null}},"57":{"start":{"line":107,"column":8},"end":{"line":107,"column":null}},"58":{"start":{"line":110,"column":4},"end":{"line":112,"column":null}},"59":{"start":{"line":111,"column":6},"end":{"line":111,"column":null}},"60":{"start":{"line":114,"column":2},"end":{"line":114,"column":null}},"61":{"start":{"line":118,"column":26},"end":{"line":129,"column":1}},"62":{"start":{"line":119,"column":20},"end":{"line":119,"column":77}},"63":{"start":{"line":119,"column":47},"end":{"line":119,"column":76}},"64":{"start":{"line":120,"column":19},"end":{"line":120,"column":51}},"65":{"start":{"line":120,"column":42},"end":{"line":120,"column":50}},"66":{"start":{"line":121,"column":23},"end":{"line":121,"column":42}},"67":{"start":{"line":124,"column":2},"end":{"line":126,"column":null}},"68":{"start":{"line":124,"column":15},"end":{"line":124,"column":16}},"69":{"start":{"line":125,"column":4},"end":{"line":125,"column":null}},"70":{"start":{"line":128,"column":2},"end":{"line":128,"column":null}},"71":{"start":{"line":132,"column":31},"end":{"line":147,"column":1}},"72":{"start":{"line":133,"column":2},"end":{"line":133,"column":null}},"73":{"start":{"line":133,"column":21},"end":{"line":133,"column":null}},"74":{"start":{"line":135,"column":19},"end":{"line":135,"column":21}},"75":{"start":{"line":137,"column":2},"end":{"line":139,"column":null}},"76":{"start":{"line":137,"column":15},"end":{"line":137,"column":23}},"77":{"start":{"line":138,"column":4},"end":{"line":138,"column":null}},"78":{"start":{"line":141,"column":2},"end":{"line":144,"column":null}},"79":{"start":{"line":141,"column":15},"end":{"line":141,"column":16}},"80":{"start":{"line":142,"column":24},"end":{"line":142,"column":62}},"81":{"start":{"line":143,"column":4},"end":{"line":143,"column":null}},"82":{"start":{"line":146,"column":2},"end":{"line":146,"column":null}},"83":{"start":{"line":150,"column":30},"end":{"line":159,"column":1}},"84":{"start":{"line":151,"column":21},"end":{"line":156,"column":3}},"85":{"start":{"line":158,"column":2},"end":{"line":158,"column":null}},"86":{"start":{"line":162,"column":26},"end":{"line":168,"column":1}},"87":{"start":{"line":164,"column":2},"end":{"line":167,"column":null}},"88":{"start":{"line":165,"column":28},"end":{"line":165,"column":52}},"89":{"start":{"line":166,"column":28},"end":{"line":166,"column":52}},"90":{"start":{"line":171,"column":28},"end":{"line":173,"column":1}},"91":{"start":{"line":172,"column":2},"end":{"line":172,"column":null}},"92":{"start":{"line":176,"column":38},"end":{"line":182,"column":1}},"93":{"start":{"line":177,"column":10},"end":{"line":177,"column":11}},"94":{"start":{"line":178,"column":2},"end":{"line":180,"column":null}},"95":{"start":{"line":179,"column":4},"end":{"line":179,"column":null}},"96":{"start":{"line":181,"column":2},"end":{"line":181,"column":null}},"97":{"start":{"line":185,"column":31},"end":{"line":195,"column":1}},"98":{"start":{"line":186,"column":20},"end":{"line":186,"column":27}},"99":{"start":{"line":187,"column":21},"end":{"line":187,"column":26}},"100":{"start":{"line":189,"column":2},"end":{"line":192,"column":null}},"101":{"start":{"line":189,"column":15},"end":{"line":189,"column":16}},"102":{"start":{"line":190,"column":4},"end":{"line":190,"column":null}},"103":{"start":{"line":191,"column":4},"end":{"line":191,"column":null}},"104":{"start":{"line":194,"column":2},"end":{"line":194,"column":null}}},"fnMap":{"0":{"name":"(anonymous_0)","decl":{"start":{"line":12,"column":32},"end":{"line":12,"column":33}},"loc":{"start":{"line":12,"column":38},"end":{"line":16,"column":1}},"line":12},"1":{"name":"(anonymous_1)","decl":{"start":{"line":15,"column":9},"end":{"line":15,"column":10}},"loc":{"start":{"line":15,"column":15},"end":{"line":15,"column":55}},"line":15},"2":{"name":"(anonymous_2)","decl":{"start":{"line":19,"column":26},"end":{"line":19,"column":27}},"loc":{"start":{"line":19,"column":37},"end":{"line":27,"column":1}},"line":19},"3":{"name":"(anonymous_3)","decl":{"start":{"line":23,"column":11},"end":{"line":23,"column":12}},"loc":{"start":{"line":23,"column":17},"end":{"line":23,"column":57}},"line":23},"4":{"name":"(anonymous_4)","decl":{"start":{"line":24,"column":19},"end":{"line":24,"column":20}},"loc":{"start":{"line":25,"column":4},"end":{"line":25,"column":null}},"line":25},"5":{"name":"(anonymous_5)","decl":{"start":{"line":30,"column":34},"end":{"line":30,"column":35}},"loc":{"start":{"line":30,"column":40},"end":{"line":38,"column":1}},"line":30},"6":{"name":"(anonymous_6)","decl":{"start":{"line":41,"column":27},"end":{"line":41,"column":28}},"loc":{"start":{"line":41,"column":38},"end":{"line":46,"column":1}},"line":41},"7":{"name":"(anonymous_7)","decl":{"start":{"line":42,"column":31},"end":{"line":42,"column":32}},"loc":{"start":{"line":43,"column":4},"end":{"line":43,"column":null}},"line":43},"8":{"name":"(anonymous_8)","decl":{"start":{"line":43,"column":14},"end":{"line":43,"column":15}},"loc":{"start":{"line":43,"column":23},"end":{"line":43,"column":33}},"line":43},"9":{"name":"(anonymous_9)","decl":{"start":{"line":49,"column":27},"end":{"line":49,"column":28}},"loc":{"start":{"line":49,"column":55},"end":{"line":72,"column":1}},"line":49},"10":{"name":"(anonymous_10)","decl":{"start":{"line":77,"column":26},"end":{"line":77,"column":27}},"loc":{"start":{"line":77,"column":61},"end":{"line":92,"column":1}},"line":77},"11":{"name":"(anonymous_11)","decl":{"start":{"line":95,"column":34},"end":{"line":95,"column":35}},"loc":{"start":{"line":95,"column":45},"end":{"line":115,"column":1}},"line":95},"12":{"name":"(anonymous_12)","decl":{"start":{"line":118,"column":26},"end":{"line":118,"column":27}},"loc":{"start":{"line":118,"column":51},"end":{"line":129,"column":1}},"line":118},"13":{"name":"(anonymous_13)","decl":{"start":{"line":119,"column":33},"end":{"line":119,"column":34}},"loc":{"start":{"line":119,"column":47},"end":{"line":119,"column":76}},"line":119},"14":{"name":"(anonymous_14)","decl":{"start":{"line":120,"column":33},"end":{"line":120,"column":34}},"loc":{"start":{"line":120,"column":42},"end":{"line":120,"column":50}},"line":120},"15":{"name":"(anonymous_15)","decl":{"start":{"line":132,"column":31},"end":{"line":132,"column":32}},"loc":{"start":{"line":132,"column":52},"end":{"line":147,"column":1}},"line":132},"16":{"name":"(anonymous_16)","decl":{"start":{"line":150,"column":30},"end":{"line":150,"column":31}},"loc":{"start":{"line":150,"column":55},"end":{"line":159,"column":1}},"line":150},"17":{"name":"(anonymous_17)","decl":{"start":{"line":162,"column":26},"end":{"line":162,"column":27}},"loc":{"start":{"line":162,"column":37},"end":{"line":168,"column":1}},"line":162},"18":{"name":"(anonymous_18)","decl":{"start":{"line":165,"column":18},"end":{"line":165,"column":19}},"loc":{"start":{"line":165,"column":28},"end":{"line":165,"column":52}},"line":165},"19":{"name":"(anonymous_19)","decl":{"start":{"line":166,"column":18},"end":{"line":166,"column":19}},"loc":{"start":{"line":166,"column":28},"end":{"line":166,"column":52}},"line":166},"20":{"name":"(anonymous_20)","decl":{"start":{"line":171,"column":28},"end":{"line":171,"column":29}},"loc":{"start":{"line":171,"column":39},"end":{"line":173,"column":1}},"line":171},"21":{"name":"(anonymous_21)","decl":{"start":{"line":176,"column":38},"end":{"line":176,"column":39}},"loc":{"start":{"line":176,"column":59},"end":{"line":182,"column":1}},"line":176},"22":{"name":"(anonymous_22)","decl":{"start":{"line":185,"column":31},"end":{"line":185,"column":32}},"loc":{"start":{"line":185,"column":42},"end":{"line":195,"column":1}},"line":185}},"branchMap":{"0":{"loc":{"start":{"line":20,"column":2},"end":{"line":23,"column":null}},"type":"if","locations":[{"start":{"line":20,"column":2},"end":{"line":23,"column":null}},{"start":{},"end":{}}],"line":20},"1":{"loc":{"start":{"line":25,"column":4},"end":{"line":25,"column":null}},"type":"cond-expr","locations":[{"start":{"line":25,"column":25},"end":{"line":25,"column":33}},{"start":{"line":25,"column":36},"end":{"line":25,"column":null}}],"line":25},"2":{"loc":{"start":{"line":54,"column":6},"end":{"line":67,"column":null}},"type":"if","locations":[{"start":{"line":54,"column":6},"end":{"line":67,"column":null}},{"start":{},"end":{}}],"line":54},"3":{"loc":{"start":{"line":59,"column":8},"end":{"line":61,"column":null}},"type":"if","locations":[{"start":{"line":59,"column":8},"end":{"line":61,"column":null}},{"start":{},"end":{}}],"line":59},"4":{"loc":{"start":{"line":59,"column":12},"end":{"line":59,"column":67}},"type":"binary-expr","locations":[{"start":{"line":59,"column":12},"end":{"line":59,"column":20}},{"start":{"line":59,"column":24},"end":{"line":59,"column":43}},{"start":{"line":59,"column":47},"end":{"line":59,"column":67}}],"line":59},"5":{"loc":{"start":{"line":64,"column":8},"end":{"line":66,"column":null}},"type":"if","locations":[{"start":{"line":64,"column":8},"end":{"line":66,"column":null}},{"start":{},"end":{}}],"line":64},"6":{"loc":{"start":{"line":64,"column":12},"end":{"line":64,"column":62}},"type":"binary-expr","locations":[{"start":{"line":64,"column":12},"end":{"line":64,"column":21}},{"start":{"line":64,"column":25},"end":{"line":64,"column":62}}],"line":64},"7":{"loc":{"start":{"line":83,"column":6},"end":{"line":88,"column":null}},"type":"if","locations":[{"start":{"line":83,"column":6},"end":{"line":88,"column":null}},{"start":{},"end":{}}],"line":83},"8":{"loc":{"start":{"line":85,"column":8},"end":{"line":87,"column":null}},"type":"if","locations":[{"start":{"line":85,"column":8},"end":{"line":87,"column":null}},{"start":{},"end":{}}],"line":85},"9":{"loc":{"start":{"line":102,"column":6},"end":{"line":105,"column":null}},"type":"if","locations":[{"start":{"line":102,"column":6},"end":{"line":105,"column":null}},{"start":{},"end":{}}],"line":102},"10":{"loc":{"start":{"line":106,"column":6},"end":{"line":108,"column":null}},"type":"if","locations":[{"start":{"line":106,"column":6},"end":{"line":108,"column":null}},{"start":{},"end":{}}],"line":106},"11":{"loc":{"start":{"line":110,"column":4},"end":{"line":112,"column":null}},"type":"if","locations":[{"start":{"line":110,"column":4},"end":{"line":112,"column":null}},{"start":{},"end":{}}],"line":110},"12":{"loc":{"start":{"line":110,"column":8},"end":{"line":110,"column":32}},"type":"binary-expr","locations":[{"start":{"line":110,"column":8},"end":{"line":110,"column":19}},{"start":{"line":110,"column":23},"end":{"line":110,"column":32}}],"line":110},"13":{"loc":{"start":{"line":133,"column":2},"end":{"line":133,"column":null}},"type":"if","locations":[{"start":{"line":133,"column":2},"end":{"line":133,"column":null}},{"start":{},"end":{}}],"line":133},"14":{"loc":{"start":{"line":158,"column":10},"end":{"line":158,"column":39}},"type":"binary-expr","locations":[{"start":{"line":158,"column":10},"end":{"line":158,"column":34}},{"start":{"line":158,"column":38},"end":{"line":158,"column":39}}],"line":158},"15":{"loc":{"start":{"line":165,"column":4},"end":{"line":166,"column":null}},"type":"binary-expr","locations":[{"start":{"line":165,"column":4},"end":{"line":165,"column":53}},{"start":{"line":166,"column":4},"end":{"line":166,"column":null}}],"line":165}},"s":{"0":4,"1":92,"2":1840,"3":4,"4":8,"5":1,"6":20,"7":7,"8":123,"9":4,"10":21,"11":21,"12":21,"13":4,"14":8,"15":19,"16":34,"17":8,"18":4,"19":45,"20":45,"21":45,"22":49,"23":49,"24":93,"25":93,"26":93,"27":93,"28":4,"29":89,"30":2,"31":39,"32":4,"33":3,"34":3,"35":3,"36":3,"37":5,"38":5,"39":10,"40":10,"41":10,"42":8,"43":3,"44":4,"45":4,"46":4,"47":4,"48":80,"49":80,"50":80,"51":80,"52":796,"53":796,"54":1,"55":1,"56":795,"57":741,"58":80,"59":4,"60":4,"61":4,"62":2,"63":40,"64":2,"65":38,"66":2,"67":2,"68":2,"69":2,"70":2,"71":4,"72":3,"73":1,"74":2,"75":2,"76":2,"77":37,"78":2,"79":2,"80":3,"81":3,"82":2,"83":4,"84":8,"85":8,"86":4,"87":3,"88":26,"89":16,"90":4,"91":4,"92":4,"93":2,"94":2,"95":37,"96":2,"97":4,"98":2,"99":2,"100":2,"101":2,"102":6,"103":6,"104":2},"f":{"0":92,"1":1840,"2":8,"3":20,"4":123,"5":21,"6":8,"7":19,"8":34,"9":45,"10":3,"11":4,"12":2,"13":40,"14":38,"15":3,"16":8,"17":3,"18":26,"19":16,"20":4,"21":2,"22":2},"b":{"0":[1,7],"1":[121,2],"2":[93,0],"3":[4,89],"4":[93,92,91],"5":[2,87],"6":[89,87],"7":[10,0],"8":[8,2],"9":[1,795],"10":[741,54],"11":[4,76],"12":[80,79],"13":[1,2],"14":[8,2],"15":[3,2]},"meta":{"lastBranch":16,"lastFunction":23,"lastStatement":105,"seen":{"s:12:32:16:1":0,"f:12:32:12:33":0,"s:13:2:15:Infinity":1,"f:15:9:15:10":1,"s:15:15:15:55":2,"s:19:26:27:1":3,"f:19:26:19:27":2,"b:20:2:23:Infinity:undefined:undefined:undefined:undefined":0,"s:20:2:23:Infinity":4,"s:21:4:23:Infinity":5,"f:23:11:23:12":3,"s:23:17:23:57":6,"s:24:2:26:Infinity":7,"f:24:19:24:20":4,"s:25:4:25:Infinity":8,"b:25:25:25:33:25:36:25:Infinity":1,"s:30:34:38:1":9,"f:30:34:30:35":5,"s:31:22:31:72":10,"s:32:15:32:43":11,"s:33:2:37:Infinity":12,"s:41:27:46:1":13,"f:41:27:41:28":6,"s:42:18:44:3":14,"f:42:31:42:32":7,"s:43:4:43:Infinity":15,"f:43:14:43:15":8,"s:43:23:43:33":16,"s:45:2:45:Infinity":17,"s:49:27:72:1":18,"f:49:27:49:28":9,"s:50:19:50:27":19,"s:52:2:69:Infinity":20,"s:52:17:52:18":21,"s:53:4:68:Infinity":22,"s:53:19:53:20":23,"b:54:6:67:Infinity:undefined:undefined:undefined:undefined":2,"s:54:6:67:Infinity":24,"s:55:21:55:28":25,"s:56:21:56:28":26,"b:59:8:61:Infinity:undefined:undefined:undefined:undefined":3,"s:59:8:61:Infinity":27,"b:59:12:59:20:59:24:59:43:59:47:59:67":4,"s:60:10:60:Infinity":28,"b:64:8:66:Infinity:undefined:undefined:undefined:undefined":5,"s:64:8:66:Infinity":29,"b:64:12:64:21:64:25:64:62":6,"s:65:10:65:Infinity":30,"s:71:2:71:Infinity":31,"s:77:26:92:1":32,"f:77:26:77:27":10,"s:78:19:78:36":33,"s:79:19:79:27":34,"s:81:2:90:Infinity":35,"s:81:17:81:18":36,"s:82:4:89:Infinity":37,"s:82:19:82:20":38,"b:83:6:88:Infinity:undefined:undefined:undefined:undefined":7,"s:83:6:88:Infinity":39,"s:84:21:84:28":40,"b:85:8:87:Infinity:undefined:undefined:undefined:undefined":8,"s:85:8:87:Infinity":41,"s:86:10:86:Infinity":42,"s:91:2:91:Infinity":43,"s:95:34:115:1":44,"f:95:34:95:35":11,"s:96:25:96:27":45,"s:97:2:113:Infinity":46,"s:97:17:97:18":47,"s:98:21:98:26":48,"s:99:20:99:24":49,"s:100:4:109:Infinity":50,"s:100:19:100:20":51,"s:101:19:101:34":52,"b:102:6:105:Infinity:undefined:undefined:undefined:undefined":9,"s:102:6:105:Infinity":53,"s:103:8:103:Infinity":54,"s:104:8:104:Infinity":55,"b:106:6:108:Infinity:undefined:undefined:undefined:undefined":10,"s:106:6:108:Infinity":56,"s:107:8:107:Infinity":57,"b:110:4:112:Infinity:undefined:undefined:undefined:undefined":11,"s:110:4:112:Infinity":58,"b:110:8:110:19:110:23:110:32":12,"s:111:6:111:Infinity":59,"s:114:2:114:Infinity":60,"s:118:26:129:1":61,"f:118:26:118:27":12,"s:119:20:119:77":62,"f:119:33:119:34":13,"s:119:47:119:76":63,"s:120:19:120:51":64,"f:120:33:120:34":14,"s:120:42:120:50":65,"s:121:23:121:42":66,"s:124:2:126:Infinity":67,"s:124:15:124:16":68,"s:125:4:125:Infinity":69,"s:128:2:128:Infinity":70,"s:132:31:147:1":71,"f:132:31:132:32":15,"b:133:2:133:Infinity:undefined:undefined:undefined:undefined":13,"s:133:2:133:Infinity":72,"s:133:21:133:Infinity":73,"s:135:19:135:21":74,"s:137:2:139:Infinity":75,"s:137:15:137:23":76,"s:138:4:138:Infinity":77,"s:141:2:144:Infinity":78,"s:141:15:141:16":79,"s:142:24:142:62":80,"s:143:4:143:Infinity":81,"s:146:2:146:Infinity":82,"s:150:30:159:1":83,"f:150:30:150:31":16,"s:151:21:156:3":84,"s:158:2:158:Infinity":85,"b:158:10:158:34:158:38:158:39":14,"s:162:26:168:1":86,"f:162:26:162:27":17,"s:164:2:167:Infinity":87,"b:165:4:165:53:166:4:166:Infinity":15,"f:165:18:165:19":18,"s:165:28:165:52":88,"f:166:18:166:19":19,"s:166:28:166:52":89,"s:171:28:173:1":90,"f:171:28:171:29":20,"s:172:2:172:Infinity":91,"s:176:38:182:1":92,"f:176:38:176:39":21,"s:177:10:177:11":93,"s:178:2:180:Infinity":94,"s:179:4:179:Infinity":95,"s:181:2:181:Infinity":96,"s:185:31:195:1":97,"f:185:31:185:32":22,"s:186:20:186:27":98,"s:187:21:187:26":99,"s:189:2:192:Infinity":100,"s:189:15:189:16":101,"s:190:4:190:Infinity":102,"s:191:4:191:Infinity":103,"s:194:2:194:Infinity":104}}}
,"/home/issue/Work/red-tetris/client/src/utils/tetrominoShapes.js": {"path":"/home/issue/Work/red-tetris/client/src/utils/tetrominoShapes.js","statementMap":{"0":{"start":{"line":17,"column":2},"end":{"line":19,"column":null}},"1":{"start":{"line":18,"column":4},"end":{"line":18,"column":null}},"2":{"start":{"line":21,"column":2},"end":{"line":25,"column":null}},"3":{"start":{"line":33,"column":16},"end":{"line":33,"column":40}},"4":{"start":{"line":34,"column":21},"end":{"line":34,"column":68}},"5":{"start":{"line":35,"column":2},"end":{"line":39,"column":null}}},"fnMap":{"0":{"name":"getPieceFromType","decl":{"start":{"line":16,"column":16},"end":{"line":16,"column":32}},"loc":{"start":{"line":16,"column":39},"end":{"line":26,"column":null}},"line":16},"1":{"name":"getRandomTetromino","decl":{"start":{"line":32,"column":16},"end":{"line":32,"column":34}},"loc":{"start":{"line":32,"column":37},"end":{"line":40,"column":null}},"line":32}},"branchMap":{"0":{"loc":{"start":{"line":17,"column":2},"end":{"line":19,"column":null}},"type":"if","locations":[{"start":{"line":17,"column":2},"end":{"line":19,"column":null}},{"start":{},"end":{}}],"line":17},"1":{"loc":{"start":{"line":17,"column":6},"end":{"line":17,"column":33}},"type":"binary-expr","locations":[{"start":{"line":17,"column":6},"end":{"line":17,"column":11}},{"start":{"line":17,"column":15},"end":{"line":17,"column":33}}],"line":17}},"s":{"0":13,"1":3,"2":13,"3":32,"4":32,"5":32},"f":{"0":13,"1":32},"b":{"0":[3,10],"1":[13,11]},"meta":{"lastBranch":2,"lastFunction":2,"lastStatement":6,"seen":{"f:16:16:16:32":0,"b:17:2:19:Infinity:undefined:undefined:undefined:undefined":0,"s:17:2:19:Infinity":0,"b:17:6:17:11:17:15:17:33":1,"s:18:4:18:Infinity":1,"s:21:2:25:Infinity":2,"f:32:16:32:34":1,"s:33:16:33:40":3,"s:34:21:34:68":4,"s:35:2:39:Infinity":5}}}
}
