TN:
SF:src/api/auth/keys.js
FN:10,(anonymous_0)
FN:11,(anonymous_1)
FN:12,(anonymous_2)
FN:13,(anonymous_3)
FN:16,(anonymous_4)
FN:27,(anonymous_5)
FN:38,(anonymous_6)
FN:49,(anonymous_7)
FN:64,(anonymous_8)
FN:75,(anonymous_9)
FN:84,(anonymous_10)
FN:92,(anonymous_11)
FN:102,(anonymous_12)
FN:115,(anonymous_13)
FNF:14
FNH:14
FNDA:1,(anonymous_0)
FNDA:18,(anonymous_1)
FNDA:7,(anonymous_2)
FNDA:10,(anonymous_3)
FNDA:1,(anonymous_4)
FNDA:9,(anonymous_5)
FNDA:7,(anonymous_6)
FNDA:3,(anonymous_7)
FNDA:2,(anonymous_8)
FNDA:4,(anonymous_9)
FNDA:2,(anonymous_10)
FNDA:8,(anonymous_11)
FNDA:81,(anonymous_12)
FNDA:4,(anonymous_13)
DA:5,5
DA:10,1
DA:11,18
DA:12,7
DA:13,10
DA:16,1
DA:23,5
DA:28,9
DA:29,9
DA:31,1
DA:39,7
DA:40,7
DA:42,1
DA:50,3
DA:51,3
DA:52,3
DA:54,2
DA:55,1
DA:65,2
DA:66,2
DA:67,2
DA:76,4
DA:77,4
DA:78,4
DA:85,2
DA:93,8
DA:94,8
DA:95,6
DA:96,6
DA:98,4
DA:99,4
DA:102,81
DA:106,4
DA:108,0
DA:116,4
DA:117,4
DA:119,2
DA:120,2
LF:38
LH:37
BRDA:51,0,0,3
BRDA:51,0,1,0
BRDA:54,1,0,1
BRDA:54,1,1,1
BRDA:78,2,0,4
BRDA:78,2,1,2
BRDA:94,3,0,2
BRDA:94,3,1,6
BRDA:96,4,0,2
BRDA:96,4,1,4
BRDA:117,5,0,2
BRDA:117,5,1,2
BRDA:117,6,0,4
BRDA:117,6,1,3
BRF:14
BRH:13
end_of_record
TN:
SF:src/api/auth/mutations.js
FN:8,(anonymous_0)
FN:12,(anonymous_1)
FN:19,(anonymous_2)
FN:32,(anonymous_3)
FN:34,(anonymous_4)
FN:47,(anonymous_5)
FN:51,(anonymous_6)
FN:63,(anonymous_7)
FN:70,(anonymous_8)
FN:82,(anonymous_9)
FN:86,(anonymous_10)
FN:93,(anonymous_11)
FN:104,(anonymous_12)
FN:108,(anonymous_13)
FN:115,(anonymous_14)
FN:129,(anonymous_15)
FN:131,(anonymous_16)
FN:144,(anonymous_17)
FN:148,(anonymous_18)
FNF:19
FNH:17
FNDA:4,(anonymous_0)
FNDA:2,(anonymous_1)
FNDA:1,(anonymous_2)
FNDA:4,(anonymous_3)
FNDA:2,(anonymous_4)
FNDA:6,(anonymous_5)
FNDA:3,(anonymous_6)
FNDA:1,(anonymous_7)
FNDA:2,(anonymous_8)
FNDA:4,(anonymous_9)
FNDA:2,(anonymous_10)
FNDA:2,(anonymous_11)
FNDA:4,(anonymous_12)
FNDA:2,(anonymous_13)
FNDA:1,(anonymous_14)
FNDA:4,(anonymous_15)
FNDA:2,(anonymous_16)
FNDA:0,(anonymous_17)
FNDA:0,(anonymous_18)
DA:8,1
DA:9,4
DA:11,4
DA:13,2
DA:14,2
DA:15,1
DA:17,1
DA:20,1
DA:21,1
DA:23,1
DA:32,1
DA:33,4
DA:35,2
DA:36,2
DA:37,1
DA:39,1
DA:47,1
DA:48,6
DA:50,6
DA:52,3
DA:53,3
DA:54,1
DA:57,2
DA:58,2
DA:59,1
DA:61,1
DA:64,1
DA:65,1
DA:67,1
DA:72,2
DA:73,2
DA:74,2
DA:82,1
DA:83,4
DA:85,4
DA:87,2
DA:88,2
DA:95,2
DA:96,2
DA:104,1
DA:105,4
DA:107,4
DA:109,2
DA:110,2
DA:111,1
DA:113,1
DA:117,1
DA:119,1
DA:129,1
DA:130,4
DA:132,2
DA:133,2
DA:134,1
DA:136,1
DA:144,1
DA:145,0
DA:147,0
DA:149,0
DA:150,0
DA:152,0
DA:153,0
DA:155,0
LF:62
LH:55
BRDA:14,0,0,1
BRDA:14,0,1,1
BRDA:15,1,0,1
BRDA:15,1,1,0
BRDA:20,2,0,1
BRDA:20,2,1,0
BRDA:20,3,0,1
BRDA:20,3,1,1
BRDA:36,4,0,1
BRDA:36,4,1,1
BRDA:37,5,0,1
BRDA:37,5,1,0
BRDA:53,6,0,1
BRDA:53,6,1,2
BRDA:58,7,0,1
BRDA:58,7,1,1
BRDA:59,8,0,1
BRDA:59,8,1,0
BRDA:64,9,0,1
BRDA:64,9,1,0
BRDA:64,10,0,1
BRDA:64,10,1,1
BRDA:110,11,0,1
BRDA:110,11,1,1
BRDA:111,12,0,1
BRDA:111,12,1,0
BRDA:133,13,0,1
BRDA:133,13,1,1
BRDA:134,14,0,1
BRDA:134,14,1,0
BRDA:149,15,0,0
BRDA:149,15,1,0
BRDA:149,16,0,0
BRDA:149,16,1,0
BRF:34
BRH:23
end_of_record
TN:
SF:src/api/auth/queries.js
FN:8,(anonymous_0)
FN:11,(anonymous_1)
FN:19,(anonymous_2)
FN:32,(anonymous_3)
FN:35,(anonymous_4)
FNF:5
FNH:4
FNDA:5,(anonymous_0)
FNDA:2,(anonymous_1)
FNDA:0,(anonymous_2)
FNDA:8,(anonymous_3)
FNDA:3,(anonymous_4)
DA:8,1
DA:9,5
DA:12,2
DA:13,2
DA:14,0
DA:16,2
DA:20,0
DA:21,0
DA:32,1
DA:33,8
DA:36,3
DA:37,3
DA:38,1
DA:42,2
LF:14
LH:11
BRDA:8,0,0,5
BRDA:13,1,0,0
BRDA:13,1,1,2
BRDA:14,2,0,0
BRDA:14,2,1,0
BRDA:20,3,0,0
BRDA:20,3,1,0
BRDA:32,4,0,8
BRDA:37,5,0,1
BRDA:37,5,1,2
BRDA:39,6,0,1
BRDA:39,6,1,0
BRDA:44,7,0,8
BRDA:44,7,1,7
BRF:14
BRH:8
end_of_record
TN:
SF:src/api/game/keys.js
FN:10,(anonymous_0)
FN:11,(anonymous_1)
FN:14,(anonymous_2)
FN:15,(anonymous_3)
FN:18,(anonymous_4)
FN:19,(anonymous_5)
FN:22,(anonymous_6)
FN:23,(anonymous_7)
FNF:8
FNH:8
FNDA:15,(anonymous_0)
FNDA:12,(anonymous_1)
FNDA:9,(anonymous_2)
FNDA:7,(anonymous_3)
FNDA:10,(anonymous_4)
FNDA:8,(anonymous_5)
FNDA:9,(anonymous_6)
FNDA:8,(anonymous_7)
DA:5,3
DA:10,15
DA:11,12
DA:14,9
DA:15,7
DA:18,10
DA:19,8
DA:22,9
DA:23,8
LF:9
LH:9
BRF:0
BRH:0
end_of_record
TN:
SF:src/api/game/mutations.js
FN:9,(anonymous_0)
FN:13,(anonymous_1)
FN:22,(anonymous_2)
FN:34,(anonymous_3)
FN:38,(anonymous_4)
FN:47,(anonymous_5)
FN:57,(anonymous_6)
FN:61,(anonymous_7)
FN:68,(anonymous_8)
FN:82,(anonymous_9)
FN:86,(anonymous_10)
FN:95,(anonymous_11)
FN:108,(anonymous_12)
FN:112,(anonymous_13)
FN:121,(anonymous_14)
FN:133,(anonymous_15)
FN:137,(anonymous_16)
FN:146,(anonymous_17)
FNF:18
FNH:17
FNDA:4,(anonymous_0)
FNDA:2,(anonymous_1)
FNDA:1,(anonymous_2)
FNDA:4,(anonymous_3)
FNDA:2,(anonymous_4)
FNDA:1,(anonymous_5)
FNDA:4,(anonymous_6)
FNDA:2,(anonymous_7)
FNDA:1,(anonymous_8)
FNDA:4,(anonymous_9)
FNDA:2,(anonymous_10)
FNDA:1,(anonymous_11)
FNDA:4,(anonymous_12)
FNDA:2,(anonymous_13)
FNDA:1,(anonymous_14)
FNDA:2,(anonymous_15)
FNDA:1,(anonymous_16)
FNDA:0,(anonymous_17)
DA:9,1
DA:10,4
DA:12,4
DA:14,2
DA:15,2
DA:16,1
DA:20,1
DA:24,1
DA:26,1
DA:34,1
DA:35,4
DA:37,4
DA:39,2
DA:40,2
DA:41,1
DA:45,1
DA:49,1
DA:57,1
DA:58,4
DA:60,4
DA:62,2
DA:63,2
DA:64,1
DA:66,1
DA:70,1
DA:71,1
DA:72,1
DA:82,1
DA:83,4
DA:85,4
DA:87,2
DA:88,2
DA:89,1
DA:93,1
DA:97,1
DA:108,1
DA:109,4
DA:111,4
DA:113,2
DA:114,2
DA:115,1
DA:119,1
DA:123,1
DA:125,1
DA:133,1
DA:134,2
DA:136,2
DA:138,1
DA:139,1
DA:140,1
DA:144,0
DA:148,0
DA:152,0
DA:154,0
DA:156,0
DA:157,0
LF:56
LH:50
BRDA:15,0,0,1
BRDA:15,0,1,1
BRDA:17,1,0,1
BRDA:17,1,1,0
BRDA:40,2,0,1
BRDA:40,2,1,1
BRDA:42,3,0,1
BRDA:42,3,1,0
BRDA:63,4,0,1
BRDA:63,4,1,1
BRDA:64,5,0,1
BRDA:64,5,1,0
BRDA:88,6,0,1
BRDA:88,6,1,1
BRDA:90,7,0,1
BRDA:90,7,1,0
BRDA:114,8,0,1
BRDA:114,8,1,1
BRDA:116,9,0,1
BRDA:116,9,1,0
BRDA:139,10,0,1
BRDA:139,10,1,0
BRDA:141,11,0,1
BRDA:141,11,1,0
BRF:24
BRH:17
end_of_record
TN:
SF:src/api/game/queries.js
FN:9,(anonymous_0)
FN:12,(anonymous_1)
FN:30,(anonymous_2)
FN:33,(anonymous_3)
FN:49,(anonymous_4)
FN:52,(anonymous_5)
FN:69,(anonymous_6)
FN:72,(anonymous_7)
FNF:8
FNH:8
FNDA:6,(anonymous_0)
FNDA:2,(anonymous_1)
FNDA:6,(anonymous_2)
FNDA:2,(anonymous_3)
FNDA:6,(anonymous_4)
FNDA:3,(anonymous_5)
FNDA:6,(anonymous_6)
FNDA:2,(anonymous_7)
DA:9,1
DA:10,6
DA:13,2
DA:14,2
DA:15,1
DA:19,1
DA:30,1
DA:31,6
DA:34,2
DA:35,2
DA:36,1
DA:38,1
DA:49,1
DA:50,6
DA:53,3
DA:54,3
DA:55,1
DA:59,2
DA:69,1
DA:70,6
DA:73,2
DA:74,2
DA:75,1
DA:79,1
LF:24
LH:24
BRDA:9,0,0,6
BRDA:14,1,0,1
BRDA:14,1,1,1
BRDA:16,2,0,1
BRDA:16,2,1,0
BRDA:21,3,0,6
BRDA:21,3,1,5
BRDA:30,4,0,6
BRDA:35,5,0,1
BRDA:35,5,1,1
BRDA:36,6,0,1
BRDA:36,6,1,0
BRDA:40,7,0,6
BRDA:40,7,1,5
BRDA:49,8,0,6
BRDA:49,9,0,6
BRDA:54,10,0,1
BRDA:54,10,1,2
BRDA:56,11,0,1
BRDA:56,11,1,0
BRDA:69,12,0,6
BRDA:74,13,0,1
BRDA:74,13,1,1
BRDA:76,14,0,1
BRDA:76,14,1,0
BRDA:81,15,0,6
BRDA:81,15,1,5
BRF:27
BRH:23
end_of_record
TN:
SF:src/components/TetrisBlock.jsx
FN:4,(anonymous_0)
FNF:1
FNH:1
FNDA:4,(anonymous_0)
DA:4,1
DA:5,4
LF:2
LH:2
BRDA:4,0,0,4
BRF:1
BRH:1
end_of_record
TN:
SF:src/components/auth/OAuth42Button.jsx
FN:5,(anonymous_0)
FN:6,(anonymous_1)
FNF:2
FNH:0
FNDA:0,(anonymous_0)
FNDA:0,(anonymous_1)
DA:5,0
DA:6,0
DA:7,0
DA:8,0
DA:11,0
LF:5
LH:0
BRDA:5,0,0,0
BRDA:7,1,0,0
BRDA:7,1,1,0
BRF:3
BRH:0
end_of_record
TN:
SF:src/components/game/Board.jsx
FN:16,(anonymous_0)
FN:22,(anonymous_1)
FN:24,(anonymous_2)
FN:25,(anonymous_3)
FN:65,(anonymous_4)
FN:66,(anonymous_5)
FNF:6
FNH:6
FNDA:2000,(anonymous_0)
FNDA:10,(anonymous_1)
FNDA:10,(anonymous_2)
FNDA:200,(anonymous_3)
FNDA:200,(anonymous_4)
FNDA:2000,(anonymous_5)
DA:6,1
DA:16,1
DA:17,2000
DA:18,8
DA:19,8
DA:22,1
DA:24,10
DA:25,200
DA:27,10
DA:28,2
DA:29,2
DA:30,4
DA:31,8
DA:32,8
DA:33,8
DA:34,8
DA:40,6
DA:47,10
DA:50,10
DA:54,10
DA:66,200
DA:67,2000
DA:68,2000
LF:23
LH:23
BRDA:17,0,0,1992
BRDA:17,0,1,8
BRDA:17,1,0,2000
BRDA:17,1,1,2000
BRDA:18,2,0,0
BRDA:18,2,1,8
BRDA:18,3,0,8
BRDA:18,3,1,8
BRDA:19,4,0,8
BRDA:19,4,1,0
BRDA:27,5,0,2
BRDA:27,5,1,8
BRDA:27,6,0,10
BRDA:27,6,1,3
BRDA:31,7,0,8
BRDA:31,7,1,0
BRDA:34,8,0,6
BRDA:34,8,1,2
BRDA:35,9,0,8
BRDA:35,9,1,8
BRDA:35,9,2,8
BRDA:35,9,3,6
BRDA:73,10,0,10
BRDA:73,10,1,1
BRF:24
BRH:21
end_of_record
TN:
SF:src/components/game/Cell.jsx
FN:3,Cell2
FNF:1
FNH:1
FNDA:2005,Cell2
DA:3,4
DA:4,2005
DA:6,11
LF:3
LH:3
BRDA:4,0,0,1994
BRDA:4,0,1,11
BRF:2
BRH:2
end_of_record
TN:
SF:src/components/game/GameControls.jsx
FN:3,(anonymous_0)
FNF:1
FNH:1
FNDA:8,(anonymous_0)
DA:3,1
DA:10,8
LF:2
LH:2
BRDA:14,0,0,2
BRDA:14,0,1,6
BRDA:29,1,0,1
BRDA:29,1,1,5
BRF:4
BRH:4
end_of_record
TN:
SF:src/components/game/ShareRoomDialog.jsx
FNF:0
FNH:0
LF:0
LH:0
BRF:0
BRH:0
end_of_record
TN:
SF:src/constants/achievements.js
FN:96,(anonymous_0)
FN:101,(anonymous_1)
FN:102,(anonymous_2)
FN:109,(anonymous_3)
FN:110,(anonymous_4)
FNF:5
FNH:5
FNDA:4,(anonymous_0)
FNDA:10,(anonymous_1)
FNDA:150,(anonymous_2)
FNDA:6,(anonymous_3)
FNDA:90,(anonymous_4)
DA:2,1
DA:96,1
DA:97,4
DA:101,1
DA:102,150
DA:109,1
DA:110,90
LF:7
LH:7
BRDA:97,0,0,4
BRDA:97,0,1,1
BRDA:109,1,0,6
BRF:3
BRH:3
end_of_record
TN:
SF:src/hooks/useAuth.jsx
FN:3,(anonymous_0)
FN:6,(anonymous_1)
FNF:2
FNH:2
FNDA:5,(anonymous_0)
FNDA:2,(anonymous_1)
DA:3,1
DA:4,5
DA:6,5
DA:7,2
DA:10,5
LF:5
LH:5
BRDA:7,0,0,2
BRDA:7,0,1,1
BRDA:7,0,2,1
BRF:3
BRH:3
end_of_record
TN:
SF:src/hooks/useGameCompletion.js
FN:5,(anonymous_0)
FN:9,(anonymous_1)
FNF:2
FNH:2
FNDA:8,(anonymous_0)
FNDA:4,(anonymous_1)
DA:5,1
DA:6,8
DA:7,8
DA:9,8
DA:10,4
DA:11,4
DA:12,4
DA:15,4
DA:16,4
DA:17,4
DA:18,1
DA:22,3
DA:24,2
DA:25,2
DA:32,0
DA:35,2
DA:36,2
DA:37,2
DA:42,4
DA:46,8
LF:20
LH:19
BRDA:17,0,0,1
BRDA:17,0,1,3
BRDA:24,1,0,2
BRDA:24,1,1,0
BRDA:28,2,0,2
BRDA:28,2,1,1
BRDA:32,3,0,0
BRDA:32,3,1,0
BRDA:35,4,0,2
BRDA:35,4,1,0
BRF:10
BRH:6
end_of_record
TN:
SF:src/lib/apiClient.js
FN:6,(anonymous_0)
FN:14,(anonymous_1)
FN:32,(anonymous_2)
FN:39,(anonymous_3)
FN:44,(anonymous_4)
FN:45,(anonymous_5)
FN:90,apiPost
FN:103,apiGet
FN:116,apiPut
FN:129,apiDelete
FNF:10
FNH:0
FNDA:0,(anonymous_0)
FNDA:0,(anonymous_1)
FNDA:0,(anonymous_2)
FNDA:0,(anonymous_3)
FNDA:0,(anonymous_4)
FNDA:0,(anonymous_5)
FNDA:0,apiPost
FNDA:0,apiGet
FNDA:0,apiPut
FNDA:0,apiDelete
DA:4,0
DA:6,0
DA:7,0
DA:8,0
DA:10,0
DA:14,0
DA:15,0
DA:16,0
DA:18,0
DA:23,0
DA:31,0
DA:33,0
DA:34,0
DA:35,0
DA:37,0
DA:39,0
DA:43,0
DA:44,0
DA:46,0
DA:48,0
DA:49,0
DA:51,0
DA:52,0
DA:53,0
DA:55,0
DA:56,0
DA:57,0
DA:58,0
DA:62,0
DA:66,0
DA:69,0
DA:70,0
DA:73,0
DA:76,0
DA:79,0
DA:80,0
DA:81,0
DA:82,0
DA:86,0
DA:91,0
DA:92,0
DA:93,0
DA:95,0
DA:104,0
DA:105,0
DA:106,0
DA:108,0
DA:117,0
DA:118,0
DA:119,0
DA:121,0
DA:130,0
DA:131,0
DA:132,0
DA:134,0
LF:55
LH:0
BRDA:4,0,0,0
BRDA:4,0,1,0
BRDA:34,1,0,0
BRDA:34,1,1,0
BRDA:48,2,0,0
BRDA:48,2,1,0
BRDA:48,3,0,0
BRDA:48,3,1,0
BRDA:53,4,0,0
BRDA:53,4,1,0
BRF:10
BRH:0
end_of_record
TN:
SF:src/lib/utils.js
FN:4,cn
FN:14,getAvatarUrl
FNF:2
FNH:2
FNDA:278,cn
FNDA:8,getAvatarUrl
DA:5,278
DA:15,8
DA:16,3
DA:19,5
DA:20,2
DA:24,3
DA:25,2
DA:27,2
DA:28,2
DA:31,1
LF:10
LH:10
BRDA:15,0,0,3
BRDA:15,0,1,5
BRDA:19,1,0,2
BRDA:19,1,1,3
BRDA:19,2,0,5
BRDA:19,2,1,4
BRDA:24,3,0,2
BRDA:24,3,1,1
BRDA:25,4,0,2
BRDA:25,4,1,1
BRF:10
BRH:10
end_of_record
TN:
SF:src/pages/NotFound.jsx
FN:8,(anonymous_0)
FN:74,(anonymous_1)
FN:83,(anonymous_2)
FNF:3
FNH:3
FNDA:6,(anonymous_0)
FNDA:1,(anonymous_1)
FNDA:1,(anonymous_2)
DA:8,1
DA:9,6
DA:11,6
DA:22,6
DA:34,6
DA:74,1
DA:83,1
LF:7
LH:7
BRF:0
BRH:0
end_of_record
TN:
SF:src/services/api.js
FN:5,(anonymous_0)
FN:8,(anonymous_1)
FN:16,(anonymous_2)
FN:21,(anonymous_3)
FN:26,(anonymous_4)
FN:31,(anonymous_5)
FN:36,(anonymous_6)
FN:63,(anonymous_7)
FN:68,(anonymous_8)
FN:73,(anonymous_9)
FN:78,(anonymous_10)
FN:85,(anonymous_11)
FN:90,(anonymous_12)
FNF:13
FNH:13
FNDA:5,(anonymous_0)
FNDA:8,(anonymous_1)
FNDA:1,(anonymous_2)
FNDA:1,(anonymous_3)
FNDA:1,(anonymous_4)
FNDA:1,(anonymous_5)
FNDA:2,(anonymous_6)
FNDA:1,(anonymous_7)
FNDA:1,(anonymous_8)
FNDA:2,(anonymous_9)
FNDA:3,(anonymous_10)
FNDA:1,(anonymous_11)
FNDA:1,(anonymous_12)
DA:5,1
DA:6,5
DA:8,8
DA:11,5
DA:14,1
DA:17,1
DA:22,1
DA:27,1
DA:32,1
DA:37,2
DA:38,2
DA:39,2
DA:40,2
DA:42,2
DA:43,2
DA:44,2
DA:49,1
DA:50,1
DA:52,1
DA:53,1
DA:54,1
DA:64,1
DA:69,1
DA:74,2
DA:79,3
DA:83,1
DA:86,1
DA:91,1
LF:28
LH:28
BRDA:5,0,0,5
BRDA:8,1,0,8
BRDA:8,1,1,8
BRDA:11,2,0,5
BRDA:11,2,1,0
BRDA:73,3,0,2
BRDA:78,4,0,3
BRDA:78,5,0,3
BRDA:78,6,0,3
BRF:9
BRH:8
end_of_record
TN:
SF:src/utils/gameLogic.js
FN:12,(anonymous_0)
FN:15,(anonymous_1)
FN:19,(anonymous_2)
FN:23,(anonymous_3)
FN:24,(anonymous_4)
FN:30,(anonymous_5)
FN:41,(anonymous_6)
FN:42,(anonymous_7)
FN:43,(anonymous_8)
FN:49,(anonymous_9)
FN:77,(anonymous_10)
FN:95,(anonymous_11)
FN:118,(anonymous_12)
FN:119,(anonymous_13)
FN:120,(anonymous_14)
FN:132,(anonymous_15)
FN:150,(anonymous_16)
FN:162,(anonymous_17)
FN:165,(anonymous_18)
FN:166,(anonymous_19)
FN:171,(anonymous_20)
FN:176,(anonymous_21)
FN:185,(anonymous_22)
FNF:23
FNH:23
FNDA:92,(anonymous_0)
FNDA:1840,(anonymous_1)
FNDA:8,(anonymous_2)
FNDA:20,(anonymous_3)
FNDA:123,(anonymous_4)
FNDA:21,(anonymous_5)
FNDA:8,(anonymous_6)
FNDA:19,(anonymous_7)
FNDA:34,(anonymous_8)
FNDA:45,(anonymous_9)
FNDA:3,(anonymous_10)
FNDA:4,(anonymous_11)
FNDA:2,(anonymous_12)
FNDA:40,(anonymous_13)
FNDA:38,(anonymous_14)
FNDA:3,(anonymous_15)
FNDA:8,(anonymous_16)
FNDA:3,(anonymous_17)
FNDA:26,(anonymous_18)
FNDA:16,(anonymous_19)
FNDA:4,(anonymous_20)
FNDA:2,(anonymous_21)
FNDA:2,(anonymous_22)
DA:12,4
DA:13,92
DA:15,1840
DA:19,4
DA:20,8
DA:21,1
DA:23,20
DA:24,7
DA:25,123
DA:30,4
DA:31,21
DA:32,21
DA:33,21
DA:41,4
DA:42,8
DA:43,34
DA:45,8
DA:49,4
DA:50,45
DA:52,45
DA:53,49
DA:54,93
DA:55,93
DA:56,93
DA:59,93
DA:60,4
DA:64,89
DA:65,2
DA:71,39
DA:77,4
DA:78,3
DA:79,3
DA:81,3
DA:82,5
DA:83,10
DA:84,10
DA:85,10
DA:86,8
DA:91,3
DA:95,4
DA:96,4
DA:97,4
DA:98,80
DA:99,80
DA:100,80
DA:101,796
DA:102,796
DA:103,1
DA:104,1
DA:106,795
DA:107,741
DA:110,80
DA:111,4
DA:114,4
DA:118,4
DA:119,40
DA:120,38
DA:121,2
DA:124,2
DA:125,2
DA:128,2
DA:132,4
DA:133,3
DA:135,2
DA:137,2
DA:138,37
DA:141,2
DA:142,3
DA:143,3
DA:146,2
DA:150,4
DA:151,8
DA:158,8
DA:162,4
DA:164,3
DA:165,26
DA:166,16
DA:171,4
DA:172,4
DA:176,4
DA:177,2
DA:178,2
DA:179,37
DA:181,2
DA:185,4
DA:186,2
DA:187,2
DA:189,2
DA:190,6
DA:191,6
DA:194,2
LF:91
LH:91
BRDA:20,0,0,1
BRDA:20,0,1,7
BRDA:25,1,0,121
BRDA:25,1,1,2
BRDA:54,2,0,93
BRDA:54,2,1,0
BRDA:59,3,0,4
BRDA:59,3,1,89
BRDA:59,4,0,93
BRDA:59,4,1,92
BRDA:59,4,2,91
BRDA:64,5,0,2
BRDA:64,5,1,87
BRDA:64,6,0,89
BRDA:64,6,1,87
BRDA:83,7,0,10
BRDA:83,7,1,0
BRDA:85,8,0,8
BRDA:85,8,1,2
BRDA:102,9,0,1
BRDA:102,9,1,795
BRDA:106,10,0,741
BRDA:106,10,1,54
BRDA:110,11,0,4
BRDA:110,11,1,76
BRDA:110,12,0,80
BRDA:110,12,1,79
BRDA:133,13,0,1
BRDA:133,13,1,2
BRDA:158,14,0,8
BRDA:158,14,1,2
BRDA:165,15,0,3
BRDA:165,15,1,2
BRF:33
BRH:31
end_of_record
TN:
SF:src/utils/tetrominoShapes.js
FN:16,getPieceFromType
FN:32,getRandomTetromino
FNF:2
FNH:2
FNDA:13,getPieceFromType
FNDA:32,getRandomTetromino
DA:17,13
DA:18,3
DA:21,13
DA:33,32
DA:34,32
DA:35,32
LF:6
LH:6
BRDA:17,0,0,3
BRDA:17,0,1,10
BRDA:17,1,0,13
BRDA:17,1,1,11
BRF:4
BRH:4
end_of_record
